******************************************************************************
METIS 5.0 Copyright 1998-11, Regents of the University of Minnesota
 (HEAD: , Built on: Jan 23 2012, 21:00:20)
 size of idx_t: 32bits, real_t: 32bits, idx_t *: 64bits

Graph Information -----------------------------------------------------------
 Name: graph_list.metis, #Vertices: 9629179, #Edges: 724096, #Parts: 8

Options ---------------------------------------------------------------------
 ptype=kway, objtype=cut, ctype=shem, rtype=greedy, iptype=metisrb
 dbglvl=0, ufactor=1.030, minconn=NO, contig=NO, nooutput=NO
 seed=-1, niter=10, ncuts=1

Direct k-way Partitioning ---------------------------------------------------
 - Edgecut: 42540, communication volume: 40641.

 - Balance:
     constraint #0:  1.005 out of 0.014

 - Most overweight partition:
     pid: 3, actual: 47670523, desired: 47420888, ratio: 1.01.

 - Subdomain connectivity: max: 3, min: 0, avg: 1.50

 - The original graph had 9011730 connected components and the resulting
   partitioning after removing the cut edges has 9011752 components.
Timing Information ----------------------------------------------------------
  I/O:          		   2.055 sec
  Partitioning: 		 6076.651 sec   (METIS time)
  Reporting:    		   2.448 sec

Memory Information ----------------------------------------------------------
  Max memory used:		 631.915 MB
******************************************************************************
