******************************************************************************
METIS 5.0 Copyright 1998-11, Regents of the University of Minnesota
 (HEAD: , Built on: Jan 23 2012, 21:00:20)
 size of idx_t: 32bits, real_t: 32bits, idx_t *: 64bits

Graph Information -----------------------------------------------------------
 Name: graph_list.metis, #Vertices: 9629179, #Edges: 724096, #Parts: 16

Options ---------------------------------------------------------------------
 ptype=kway, objtype=cut, ctype=shem, rtype=greedy, iptype=metisrb
 dbglvl=0, ufactor=1.030, minconn=NO, contig=NO, nooutput=NO
 seed=-1, niter=10, ncuts=1

Direct k-way Partitioning ---------------------------------------------------
 - Edgecut: 54927, communication volume: 55409.

 - Balance:
     constraint #0:  1.020 out of 0.027

 - Most overweight partition:
     pid: 5, actual: 24194283, desired: 23710444, ratio: 1.02.

 - Subdomain connectivity: max: 7, min: 0, avg: 3.50

 - The original graph had 9011730 connected components and the resulting
   partitioning after removing the cut edges has 9011768 components.
Timing Information ----------------------------------------------------------
  I/O:          		   2.142 sec
  Partitioning: 		 6753.352 sec   (METIS time)
  Reporting:    		   2.189 sec

Memory Information ----------------------------------------------------------
  Max memory used:		 631.890 MB
******************************************************************************
