******************************************************************************
METIS 5.0 Copyright 1998-11, Regents of the University of Minnesota
 (HEAD: , Built on: Jan 23 2012, 21:00:20)
 size of idx_t: 32bits, real_t: 32bits, idx_t *: 64bits

Graph Information -----------------------------------------------------------
 Name: graph_list.metis, #Vertices: 9629179, #Edges: 724096, #Parts: 4

Options ---------------------------------------------------------------------
 ptype=kway, objtype=cut, ctype=shem, rtype=greedy, iptype=metisrb
 dbglvl=0, ufactor=1.030, minconn=NO, contig=NO, nooutput=NO
 seed=-1, niter=10, ncuts=1

Direct k-way Partitioning ---------------------------------------------------
 - Edgecut: 17246, communication volume: 15866.

 - Balance:
     constraint #0:  1.001 out of 0.007

 - Most overweight partition:
     pid: 1, actual: 94897247, desired: 94841776, ratio: 1.00.

 - Subdomain connectivity: max: 1, min: 0, avg: 0.50

 - The original graph had 9011730 connected components and the resulting
   partitioning after removing the cut edges has 9011743 components.
Timing Information ----------------------------------------------------------
  I/O:          		   2.024 sec
  Partitioning: 		 4756.480 sec   (METIS time)
  Reporting:    		   2.540 sec

Memory Information ----------------------------------------------------------
  Max memory used:		 631.988 MB
******************************************************************************
