******************************************************************************
METIS 5.0 Copyright 1998-11, Regents of the University of Minnesota
 (HEAD: , Built on: Jan 23 2012, 21:00:20)
 size of idx_t: 32bits, real_t: 32bits, idx_t *: 64bits

Graph Information -----------------------------------------------------------
 Name: graph_list.metis, #Vertices: 9629179, #Edges: 724096, #Parts: 5

Options ---------------------------------------------------------------------
 ptype=kway, objtype=cut, ctype=shem, rtype=greedy, iptype=metisrb
 dbglvl=0, ufactor=1.030, minconn=NO, contig=NO, nooutput=NO
 seed=-1, niter=10, ncuts=1

Direct k-way Partitioning ---------------------------------------------------
 - Edgecut: 16627, communication volume: 15308.

 - Balance:
     constraint #0:  1.002 out of 0.009

 - Most overweight partition:
     pid: 1, actual: 76025266, desired: 75873424, ratio: 1.00.

 - Subdomain connectivity: max: 1, min: 0, avg: 0.40

 - The original graph had 9011730 connected components and the resulting
   partitioning after removing the cut edges has 9011742 components.
Timing Information ----------------------------------------------------------
  I/O:          		   2.067 sec
  Partitioning: 		 4100.393 sec   (METIS time)
  Reporting:    		   2.147 sec

Memory Information ----------------------------------------------------------
  Max memory used:		 631.988 MB
******************************************************************************
