0 [main] INFO simulated.Benchmark  2012-02-01 08:16:17,850 numShards: 5
1 [main] INFO simulated.Benchmark  2012-02-01 08:16:17,851 exceptions form file: top_30k_ids.uid
228 [main] INFO simulated.Benchmark  2012-02-01 08:16:18,078 com.twitter.dataservice.shardingpolicy.SimpleTwoTierSharding
20827 [main] ERROR simulated.Benchmark  2012-02-01 08:16:38,677 java.util.concurrent.ExecutionException: java.rmi.ServerError: Error occurred in server thread; nested exception is: 
	java.lang.OutOfMemoryError: Java heap space for query: IntersectionQ Vertex: 69561662 Vertex: 783214 1000 128658753
35193 [main] ERROR simulated.Benchmark  2012-02-01 08:16:53,043 java.util.concurrent.ExecutionException: java.rmi.ServerError: Error occurred in server thread; nested exception is: 
	java.lang.OutOfMemoryError: Java heap space for query: IntersectionQ Vertex: 69561662 Vertex: 783214 1000 67060257
40241 [main] ERROR simulated.Benchmark  2012-02-01 08:16:58,091 java.util.concurrent.ExecutionException: java.rmi.ServerException: RemoteException occurred in server thread; nested exception is: 
	java.rmi.RemoteException: Vertex: 168218846 not found for query: IntersectionQ Vertex: 168218846 Vertex: 783214 15 -1
40244 [main] ERROR simulated.Benchmark  2012-02-01 08:16:58,094 java.util.concurrent.ExecutionException: java.rmi.ServerException: RemoteException occurred in server thread; nested exception is: 
	java.rmi.RemoteException: Vertex: 168218846 not found for query: IntersectionQ Vertex: 168218846 Vertex: 783214 15 -1
51644 [main] ERROR simulated.Benchmark  2012-02-01 08:17:09,494 java.util.concurrent.ExecutionException: java.rmi.ServerException: RemoteException occurred in server thread; nested exception is: 
	java.rmi.RemoteException: Vertex: 164681169 not found for query: IntersectionQ Vertex: 164681169 Vertex: 813286 1000 -1
52925 [main] ERROR simulated.Benchmark  2012-02-01 08:17:10,775 java.util.concurrent.ExecutionException: java.rmi.ServerException: RemoteException occurred in server thread; nested exception is: 
	java.rmi.RemoteException: Vertex: 111654757 not found for query: IntersectionQ Vertex: 111654757 Vertex: 813286 15 -1
54323 [main] ERROR simulated.Benchmark  2012-02-01 08:17:12,173 java.util.concurrent.ExecutionException: java.rmi.ServerException: RemoteException occurred in server thread; nested exception is: 
	java.rmi.RemoteException: Vertex: 77161634 not found for query: IntersectionQ Vertex: 77161634 Vertex: 813286 15 -1
76376 [main] ERROR simulated.Benchmark  2012-02-01 08:17:34,226 java.util.concurrent.ExecutionException: java.rmi.ServerError: Error occurred in server thread; nested exception is: 
	java.lang.OutOfMemoryError: Java heap space for query: IntersectionQ Vertex: 28583673 Vertex: 5388102 1000 74610456
76403 [main] ERROR simulated.Benchmark  2012-02-01 08:17:34,253 java.util.concurrent.ExecutionException: java.rmi.ServerException: RemoteException occurred in server thread; nested exception is: 
	java.rmi.RemoteException: Vertex: 47339238 not found for query: IntersectionQ Vertex: 47339238 Vertex: 5391882 15 -1
77095 [main] ERROR simulated.Benchmark  2012-02-01 08:17:34,945 java.util.concurrent.ExecutionException: java.rmi.ServerException: RemoteException occurred in server thread; nested exception is: 
	java.rmi.RemoteException: Vertex: 47339238 not found for query: IntersectionQ Vertex: 47339238 Vertex: 5391882 15 -1
95070 [main] ERROR simulated.Benchmark  2012-02-01 08:17:52,920 java.util.concurrent.ExecutionException: java.rmi.ServerError: Error occurred in server thread; nested exception is: 
	java.lang.OutOfMemoryError: Java heap space for query: IntersectionQ Vertex: 1305941 Vertex: 5391882 1000 91310504
113394 [main] ERROR simulated.Benchmark  2012-02-01 08:18:11,244 java.util.concurrent.ExecutionException: java.rmi.ServerError: Error occurred in server thread; nested exception is: 
	java.lang.OutOfMemoryError: Java heap space for query: IntersectionQ Vertex: 1305941 Vertex: 5391882 1000 144943477
131349 [main] ERROR simulated.Benchmark  2012-02-01 08:18:29,199 java.util.concurrent.ExecutionException: java.rmi.ServerError: Error occurred in server thread; nested exception is: 
	java.lang.OutOfMemoryError: Java heap space for query: IntersectionQ Vertex: 1305941 Vertex: 5391882 1000 157263844
149165 [main] ERROR simulated.Benchmark  2012-02-01 08:18:47,015 java.util.concurrent.ExecutionException: java.rmi.ServerError: Error occurred in server thread; nested exception is: 
	java.lang.OutOfMemoryError: Java heap space for query: IntersectionQ Vertex: 1305941 Vertex: 5391882 1000 101637248
166987 [main] ERROR simulated.Benchmark  2012-02-01 08:19:04,837 java.util.concurrent.ExecutionException: java.rmi.ServerError: Error occurred in server thread; nested exception is: 
	java.lang.OutOfMemoryError: Java heap space for query: IntersectionQ Vertex: 1305941 Vertex: 5391882 1000 97229610
180536 [main] ERROR simulated.Benchmark  2012-02-01 08:19:18,386 java.util.concurrent.ExecutionException: java.rmi.ServerException: RemoteException occurred in server thread; nested exception is: 
	java.rmi.RemoteException: Vertex: 73988726 not found for query: IntersectionQ Vertex: 73988726 Vertex: 5496932 3 -1
183257 [main] ERROR simulated.Benchmark  2012-02-01 08:19:21,107 java.util.concurrent.ExecutionException: java.rmi.ServerException: RemoteException occurred in server thread; nested exception is: 
	java.rmi.RemoteException: Vertex: 160150824 not found for query: IntersectionQ Vertex: 160150824 Vertex: 5526282 1000 -1
183455 [main] ERROR simulated.Benchmark  2012-02-01 08:19:21,305 java.util.concurrent.ExecutionException: java.rmi.ServerException: RemoteException occurred in server thread; nested exception is: 
	java.rmi.RemoteException: Vertex: 183301995 not found for query: IntersectionQ Vertex: 183301995 Vertex: 5625972 3 -1
184346 [main] ERROR simulated.Benchmark  2012-02-01 08:19:22,196 java.util.concurrent.ExecutionException: java.lang.NullPointerException for query: IntersectionQ Vertex: 24475737 Vertex: 5748472 1000 -1
185053 [main] ERROR simulated.Benchmark  2012-02-01 08:19:22,903 java.util.concurrent.ExecutionException: java.rmi.ServerException: RemoteException occurred in server thread; nested exception is: 
	java.rmi.RemoteException: Vertex: 22853674 not found for query: IntersectionQ Vertex: 22853674 Vertex: 5820542 15 -1
185143 [main] ERROR simulated.Benchmark  2012-02-01 08:19:22,993 java.util.concurrent.ExecutionException: java.rmi.ServerException: RemoteException occurred in server thread; nested exception is: 
	java.rmi.RemoteException: Vertex: 160928012 not found for query: IntersectionQ Vertex: 160928012 Vertex: 5937312 1000 -1
188050 [main] ERROR simulated.Benchmark  2012-02-01 08:19:25,900 java.util.concurrent.ExecutionException: java.rmi.ServerException: RemoteException occurred in server thread; nested exception is: 
	java.rmi.RemoteException: Vertex: 127919420 not found for query: IntersectionQ Vertex: 127919420 Vertex: 6018802 3 -1
188262 [main] ERROR simulated.Benchmark  2012-02-01 08:19:26,112 java.util.concurrent.ExecutionException: java.rmi.ServerException: RemoteException occurred in server thread; nested exception is: 
	java.rmi.RemoteException: Vertex: 16874083 not found for query: IntersectionQ Vertex: 16874083 Vertex: 6070762 3 -1
188305 [main] ERROR simulated.Benchmark  2012-02-01 08:19:26,155 java.util.concurrent.ExecutionException: java.rmi.ServerException: RemoteException occurred in server thread; nested exception is: 
	java.rmi.RemoteException: Vertex: 156067739 not found for query: IntersectionQ Vertex: 156067739 Vertex: 6070762 3 -1
188307 [main] ERROR simulated.Benchmark  2012-02-01 08:19:26,157 java.util.concurrent.ExecutionException: java.rmi.ServerException: RemoteException occurred in server thread; nested exception is: 
	java.rmi.RemoteException: Vertex: 164505029 not found for query: IntersectionQ Vertex: 164505029 Vertex: 6070762 3 -1
188316 [main] ERROR simulated.Benchmark  2012-02-01 08:19:26,166 java.util.concurrent.ExecutionException: java.rmi.ServerException: RemoteException occurred in server thread; nested exception is: 
	java.rmi.RemoteException: Vertex: 161602861 not found for query: IntersectionQ Vertex: 161602861 Vertex: 6070762 3 -1
206985 [main] ERROR simulated.Benchmark  2012-02-01 08:19:44,835 java.util.concurrent.ExecutionException: java.rmi.ServerError: Error occurred in server thread; nested exception is: 
	java.lang.OutOfMemoryError: Java heap space for query: IntersectionQ Vertex: 16808381 Vertex: 6342742 1000 159367490
207629 [main] ERROR simulated.Benchmark  2012-02-01 08:19:45,479 java.util.concurrent.ExecutionException: java.rmi.ServerException: RemoteException occurred in server thread; nested exception is: 
	java.rmi.RemoteException: Vertex: 74851494 not found for query: IntersectionQ Vertex: 74851494 Vertex: 6446742 15 -1
208081 [main] ERROR simulated.Benchmark  2012-02-01 08:19:45,931 java.util.concurrent.ExecutionException: java.rmi.ServerException: RemoteException occurred in server thread; nested exception is: 
	java.rmi.RemoteException: Vertex: 161844377 not found for query: IntersectionQ Vertex: 161844377 Vertex: 6449282 3 -1
208339 [main] ERROR simulated.Benchmark  2012-02-01 08:19:46,189 java.util.concurrent.ExecutionException: java.rmi.ServerException: RemoteException occurred in server thread; nested exception is: 
	java.rmi.RemoteException: Vertex: 22737164 not found for query: IntersectionQ Vertex: 22737164 Vertex: 6480682 15 -1
208550 [main] ERROR simulated.Benchmark  2012-02-01 08:19:46,400 java.util.concurrent.ExecutionException: java.rmi.ServerException: RemoteException occurred in server thread; nested exception is: 
	java.rmi.RemoteException: Vertex: 177076506 not found for query: IntersectionQ Vertex: 177076506 Vertex: 6480682 15 -1
209194 [main] ERROR simulated.Benchmark  2012-02-01 08:19:47,044 java.util.concurrent.ExecutionException: java.rmi.ServerException: RemoteException occurred in server thread; nested exception is: 
	java.rmi.RemoteException: Vertex: 111434223 not found for query: IntersectionQ Vertex: 111434223 Vertex: 6661522 15 -1
209223 [main] ERROR simulated.Benchmark  2012-02-01 08:19:47,073 java.util.concurrent.ExecutionException: java.rmi.ServerException: RemoteException occurred in server thread; nested exception is: 
	java.rmi.RemoteException: Vertex: 139386309 not found for query: IntersectionQ Vertex: 139386309 Vertex: 6714762 15 -1
209677 [main] ERROR simulated.Benchmark  2012-02-01 08:19:47,527 java.util.concurrent.ExecutionException: java.rmi.ServerException: RemoteException occurred in server thread; nested exception is: 
	java.rmi.RemoteException: Vertex: 52165813 not found for query: IntersectionQ Vertex: 52165813 Vertex: 6787852 15 -1
209990 [main] ERROR simulated.Benchmark  2012-02-01 08:19:47,840 java.util.concurrent.ExecutionException: java.rmi.ServerException: RemoteException occurred in server thread; nested exception is: 
	java.rmi.RemoteException: Vertex: 104477530 not found for query: IntersectionQ Vertex: 104477530 Vertex: 7039122 3 -1
228029 [main] ERROR simulated.Benchmark  2012-02-01 08:20:05,879 java.util.concurrent.ExecutionException: java.rmi.ServerError: Error occurred in server thread; nested exception is: 
	java.lang.OutOfMemoryError: Java heap space for query: IntersectionQ Vertex: 19394186 Vertex: 7076492 1000 112507689
245839 [main] ERROR simulated.Benchmark  2012-02-01 08:20:23,689 java.util.concurrent.ExecutionException: java.rmi.ServerError: Error occurred in server thread; nested exception is: 
	java.lang.OutOfMemoryError: Java heap space for query: IntersectionQ Vertex: 19394186 Vertex: 7076492 1000 177125501
263648 [main] ERROR simulated.Benchmark  2012-02-01 08:20:41,498 java.util.concurrent.ExecutionException: java.rmi.ServerError: Error occurred in server thread; nested exception is: 
	java.lang.OutOfMemoryError: Java heap space for query: IntersectionQ Vertex: 19394186 Vertex: 7076492 1000 116261034
281462 [main] ERROR simulated.Benchmark  2012-02-01 08:20:59,312 java.util.concurrent.ExecutionException: java.rmi.ServerError: Error occurred in server thread; nested exception is: 
	java.lang.OutOfMemoryError: Java heap space for query: IntersectionQ Vertex: 19394186 Vertex: 7076492 1000 130924118
299278 [main] ERROR simulated.Benchmark  2012-02-01 08:21:17,128 java.util.concurrent.ExecutionException: java.rmi.ServerError: Error occurred in server thread; nested exception is: 
	java.lang.OutOfMemoryError: Java heap space for query: IntersectionQ Vertex: 19394186 Vertex: 7076492 1000 148586755
317092 [main] ERROR simulated.Benchmark  2012-02-01 08:21:34,942 java.util.concurrent.ExecutionException: java.rmi.ServerError: Error occurred in server thread; nested exception is: 
	java.lang.OutOfMemoryError: Java heap space for query: IntersectionQ Vertex: 19394186 Vertex: 7076492 1000 67880146
334907 [main] ERROR simulated.Benchmark  2012-02-01 08:21:52,757 java.util.concurrent.ExecutionException: java.rmi.ServerError: Error occurred in server thread; nested exception is: 
	java.lang.OutOfMemoryError: Java heap space for query: IntersectionQ Vertex: 19394186 Vertex: 7076492 1000 103002860
352732 [main] ERROR simulated.Benchmark  2012-02-01 08:22:10,582 java.util.concurrent.ExecutionException: java.rmi.ServerError: Error occurred in server thread; nested exception is: 
	java.lang.OutOfMemoryError: Java heap space for query: IntersectionQ Vertex: 19394186 Vertex: 7076492 1000 166464139
370598 [main] ERROR simulated.Benchmark  2012-02-01 08:22:28,448 java.util.concurrent.ExecutionException: java.rmi.ServerError: Error occurred in server thread; nested exception is: 
	java.lang.OutOfMemoryError: Java heap space for query: IntersectionQ Vertex: 90406601 Vertex: 7076492 1000 33577412
370867 [main] ERROR simulated.Benchmark  2012-02-01 08:22:28,717 java.util.concurrent.ExecutionException: java.rmi.ServerException: RemoteException occurred in server thread; nested exception is: 
	java.rmi.RemoteException: Vertex: 110020468 not found for query: IntersectionQ Vertex: 110020468 Vertex: 7122432 15 -1
370871 [main] ERROR simulated.Benchmark  2012-02-01 08:22:28,721 java.util.concurrent.ExecutionException: java.rmi.ServerException: RemoteException occurred in server thread; nested exception is: 
	java.rmi.RemoteException: Vertex: 7134112 not found for query: IntersectionQ Vertex: 15927645 Vertex: 7134112 15 -1
373059 [main] ERROR simulated.Benchmark  2012-02-01 08:22:30,909 java.util.concurrent.ExecutionException: java.rmi.ServerException: RemoteException occurred in server thread; nested exception is: 
	java.rmi.RemoteException: Vertex: 99827489 not found for query: IntersectionQ Vertex: 99827489 Vertex: 7214972 15 -1
373321 [main] ERROR simulated.Benchmark  2012-02-01 08:22:31,171 java.util.concurrent.ExecutionException: java.rmi.ServerException: RemoteException occurred in server thread; nested exception is: 
	java.rmi.RemoteException: Vertex: 186720180 not found for query: IntersectionQ Vertex: 186720180 Vertex: 7280572 15 -1
373356 [main] ERROR simulated.Benchmark  2012-02-01 08:22:31,206 java.util.concurrent.ExecutionException: java.lang.NullPointerException for query: IntersectionQ Vertex: 110410632 Vertex: 7326232 15 -1
373416 [main] ERROR simulated.Benchmark  2012-02-01 08:22:31,266 java.util.concurrent.ExecutionException: java.rmi.ServerException: RemoteException occurred in server thread; nested exception is: 
	java.rmi.RemoteException: Vertex: 55188475 not found for query: IntersectionQ Vertex: 55188475 Vertex: 7385462 15 -1
373477 [main] ERROR simulated.Benchmark  2012-02-01 08:22:31,327 java.util.concurrent.ExecutionException: java.rmi.ServerException: RemoteException occurred in server thread; nested exception is: 
	java.rmi.RemoteException: Vertex: 128507798 not found for query: IntersectionQ Vertex: 128507798 Vertex: 7428362 15 -1
373508 [main] INFO simulated.MetricsCollector  2012-02-01 08:22:31,358 464281
373508 [main] INFO simulated.MetricsCollector  2012-02-01 08:22:31,358 299651
373508 [main] INFO simulated.MetricsCollector  2012-02-01 08:22:31,358 8182
373508 [main] INFO simulated.MetricsCollector  2012-02-01 08:22:31,358 4256
373508 [main] INFO simulated.MetricsCollector  2012-02-01 08:22:31,358 7494
373508 [main] INFO simulated.MetricsCollector  2012-02-01 08:22:31,358 326419
373508 [main] INFO simulated.MetricsCollector  2012-02-01 08:22:31,358 2999
373508 [main] INFO simulated.MetricsCollector  2012-02-01 08:22:31,358 9072
373509 [main] INFO simulated.MetricsCollector  2012-02-01 08:22:31,359 1852
373509 [main] INFO simulated.MetricsCollector  2012-02-01 08:22:31,359 1875
373509 [main] INFO simulated.MetricsCollector  2012-02-01 08:22:31,359 954
373509 [main] INFO simulated.MetricsCollector  2012-02-01 08:22:31,359 4739
373509 [main] INFO simulated.MetricsCollector  2012-02-01 08:22:31,359 663
373509 [main] INFO simulated.MetricsCollector  2012-02-01 08:22:31,359 4860
373509 [main] INFO simulated.MetricsCollector  2012-02-01 08:22:31,359 4829
373509 [main] INFO simulated.MetricsCollector  2012-02-01 08:22:31,359 718
373509 [main] INFO simulated.MetricsCollector  2012-02-01 08:22:31,359 806
373509 [main] INFO simulated.MetricsCollector  2012-02-01 08:22:31,359 3220
373509 [main] INFO simulated.MetricsCollector  2012-02-01 08:22:31,359 1735
373509 [main] INFO simulated.MetricsCollector  2012-02-01 08:22:31,359 831
373509 [main] INFO simulated.MetricsCollector  2012-02-01 08:22:31,359 28899
373509 [main] INFO simulated.MetricsCollector  2012-02-01 08:22:31,359 21008
373509 [main] INFO simulated.MetricsCollector  2012-02-01 08:22:31,359 21103
373509 [main] INFO simulated.MetricsCollector  2012-02-01 08:22:31,359 21089
373509 [main] INFO simulated.MetricsCollector  2012-02-01 08:22:31,359 20863
373509 [main] INFO simulated.MetricsCollector  2012-02-01 08:22:31,359 21007
373509 [main] INFO simulated.MetricsCollector  2012-02-01 08:22:31,359 21077
373509 [main] INFO simulated.MetricsCollector  2012-02-01 08:22:31,359 878
373509 [main] INFO simulated.MetricsCollector  2012-02-01 08:22:31,359 6206
373509 [main] INFO simulated.MetricsCollector  2012-02-01 08:22:31,359 577
373509 [main] INFO simulated.MetricsCollector  2012-02-01 08:22:31,359 2384
373509 [main] INFO simulated.MetricsCollector  2012-02-01 08:22:31,359 726
373509 [main] INFO simulated.MetricsCollector  2012-02-01 08:22:31,359 46574
373509 [main] INFO simulated.MetricsCollector  2012-02-01 08:22:31,359 263185
373509 [main] INFO simulated.MetricsCollector  2012-02-01 08:22:31,359 264867
373509 [main] INFO simulated.MetricsCollector  2012-02-01 08:22:31,359 5730
373509 [main] INFO simulated.MetricsCollector  2012-02-01 08:22:31,359 2310
373510 [main] INFO simulated.MetricsCollector  2012-02-01 08:22:31,360 416250
373510 [main] INFO simulated.MetricsCollector  2012-02-01 08:22:31,360 352140
373510 [main] INFO simulated.MetricsCollector  2012-02-01 08:22:31,360 349656
373510 [main] INFO simulated.MetricsCollector  2012-02-01 08:22:31,360 413460
373510 [main] INFO simulated.MetricsCollector  2012-02-01 08:22:31,360 4554
373510 [main] INFO simulated.MetricsCollector  2012-02-01 08:22:31,360 62959
373510 [main] INFO simulated.MetricsCollector  2012-02-01 08:22:31,360 5020
373510 [main] INFO simulated.MetricsCollector  2012-02-01 08:22:31,360 4959
373510 [main] INFO simulated.MetricsCollector  2012-02-01 08:22:31,360 4975
373510 [main] INFO simulated.MetricsCollector  2012-02-01 08:22:31,360 5015
373510 [main] INFO simulated.MetricsCollector  2012-02-01 08:22:31,360 4920
373510 [main] INFO simulated.MetricsCollector  2012-02-01 08:22:31,360 4947
373510 [main] INFO simulated.MetricsCollector  2012-02-01 08:22:31,360 4908
373510 [main] INFO simulated.MetricsCollector  2012-02-01 08:22:31,360 4940
373510 [main] INFO simulated.MetricsCollector  2012-02-01 08:22:31,360 1600
373510 [main] INFO simulated.MetricsCollector  2012-02-01 08:22:31,360 3817
373510 [main] INFO simulated.MetricsCollector  2012-02-01 08:22:31,360 1847
373510 [main] INFO simulated.MetricsCollector  2012-02-01 08:22:31,360 1493
373510 [main] INFO simulated.MetricsCollector  2012-02-01 08:22:31,360 2815
373510 [main] INFO simulated.MetricsCollector  2012-02-01 08:22:31,360 2158
373510 [main] INFO simulated.MetricsCollector  2012-02-01 08:22:31,360 2662
373510 [main] INFO simulated.MetricsCollector  2012-02-01 08:22:31,360 1835
373510 [main] INFO simulated.MetricsCollector  2012-02-01 08:22:31,360 1369
373510 [main] INFO simulated.MetricsCollector  2012-02-01 08:22:31,360 756
373510 [main] INFO simulated.MetricsCollector  2012-02-01 08:22:31,360 6230
373510 [main] INFO simulated.MetricsCollector  2012-02-01 08:22:31,360 8513
373510 [main] INFO simulated.MetricsCollector  2012-02-01 08:22:31,360 20166
373511 [main] INFO simulated.MetricsCollector  2012-02-01 08:22:31,361 3046
373511 [main] INFO simulated.MetricsCollector  2012-02-01 08:22:31,361 20582
373511 [main] INFO simulated.MetricsCollector  2012-02-01 08:22:31,361 20133
373511 [main] INFO simulated.MetricsCollector  2012-02-01 08:22:31,361 20119
373511 [main] INFO simulated.MetricsCollector  2012-02-01 08:22:31,361 1887
373511 [main] INFO simulated.MetricsCollector  2012-02-01 08:22:31,361 886
373511 [main] INFO simulated.MetricsCollector  2012-02-01 08:22:31,361 2015
373511 [main] INFO simulated.MetricsCollector  2012-02-01 08:22:31,361 1771
373511 [main] INFO simulated.MetricsCollector  2012-02-01 08:22:31,361 828
373511 [main] INFO simulated.MetricsCollector  2012-02-01 08:22:31,361 904
373511 [main] INFO simulated.MetricsCollector  2012-02-01 08:22:31,361 1668
373511 [main] INFO simulated.MetricsCollector  2012-02-01 08:22:31,361 4596
373511 [main] INFO simulated.MetricsCollector  2012-02-01 08:22:31,361 1320
373511 [main] INFO simulated.MetricsCollector  2012-02-01 08:22:31,361 728
373511 [main] INFO simulated.MetricsCollector  2012-02-01 08:22:31,361 651
373511 [main] INFO simulated.MetricsCollector  2012-02-01 08:22:31,361 1024
373511 [main] INFO simulated.MetricsCollector  2012-02-01 08:22:31,361 1651
373511 [main] INFO simulated.MetricsCollector  2012-02-01 08:22:31,361 1644
373511 [main] INFO simulated.MetricsCollector  2012-02-01 08:22:31,361 668
373511 [main] INFO simulated.MetricsCollector  2012-02-01 08:22:31,361 1649
373511 [main] INFO simulated.MetricsCollector  2012-02-01 08:22:31,361 616
373511 [main] INFO simulated.MetricsCollector  2012-02-01 08:22:31,361 678
373511 [main] INFO simulated.MetricsCollector  2012-02-01 08:22:31,361 787783
373511 [main] INFO simulated.MetricsCollector  2012-02-01 08:22:31,361 855488
373511 [main] INFO simulated.MetricsCollector  2012-02-01 08:22:31,361 859420
373511 [main] INFO simulated.MetricsCollector  2012-02-01 08:22:31,361 814359
373511 [main] INFO simulated.MetricsCollector  2012-02-01 08:22:31,361 964095
373511 [main] INFO simulated.MetricsCollector  2012-02-01 08:22:31,361 797707
373511 [main] INFO simulated.MetricsCollector  2012-02-01 08:22:31,361 798560
373512 [main] INFO simulated.MetricsCollector  2012-02-01 08:22:31,362 801957
373512 [main] INFO simulated.MetricsCollector  2012-02-01 08:22:31,362 867152
373512 [main] INFO simulated.MetricsCollector  2012-02-01 08:22:31,362 2039
373512 [main] INFO simulated.MetricsCollector  2012-02-01 08:22:31,362 2930
373512 [main] INFO simulated.MetricsCollector  2012-02-01 08:22:31,362 18790
373512 [main] INFO simulated.MetricsCollector  2012-02-01 08:22:31,362 7669
373512 [main] INFO simulated.MetricsCollector  2012-02-01 08:22:31,362 1472
373512 [main] INFO simulated.MetricsCollector  2012-02-01 08:22:31,362 794
373512 [main] INFO simulated.MetricsCollector  2012-02-01 08:22:31,362 20574
373512 [main] INFO simulated.MetricsCollector  2012-02-01 08:22:31,362 7617
373512 [main] INFO simulated.MetricsCollector  2012-02-01 08:22:31,362 5778
373512 [main] INFO simulated.MetricsCollector  2012-02-01 08:22:31,362 5908
373512 [main] INFO simulated.MetricsCollector  2012-02-01 08:22:31,362 5697
373512 [main] INFO simulated.MetricsCollector  2012-02-01 08:22:31,362 1887
373512 [main] INFO simulated.MetricsCollector  2012-02-01 08:22:31,362 680
373512 [main] INFO simulated.MetricsCollector  2012-02-01 08:22:31,362 2017
373512 [main] INFO simulated.MetricsCollector  2012-02-01 08:22:31,362 716
373512 [main] INFO simulated.MetricsCollector  2012-02-01 08:22:31,362 706
373512 [main] INFO simulated.MetricsCollector  2012-02-01 08:22:31,362 856
373512 [main] INFO simulated.MetricsCollector  2012-02-01 08:22:31,362 657
373512 [main] INFO simulated.MetricsCollector  2012-02-01 08:22:31,362 655
373512 [main] INFO simulated.MetricsCollector  2012-02-01 08:22:31,362 861
373512 [main] INFO simulated.MetricsCollector  2012-02-01 08:22:31,362 553
373512 [main] INFO simulated.MetricsCollector  2012-02-01 08:22:31,362 1734
373512 [main] INFO simulated.MetricsCollector  2012-02-01 08:22:31,362 677
373512 [main] INFO simulated.MetricsCollector  2012-02-01 08:22:31,362 1162
373512 [main] INFO simulated.MetricsCollector  2012-02-01 08:22:31,362 1154
373513 [main] INFO simulated.MetricsCollector  2012-02-01 08:22:31,363 93968
373513 [main] INFO simulated.MetricsCollector  2012-02-01 08:22:31,363 95112
373513 [main] INFO simulated.MetricsCollector  2012-02-01 08:22:31,363 3361
373513 [main] INFO simulated.MetricsCollector  2012-02-01 08:22:31,363 1301882
373513 [main] INFO simulated.MetricsCollector  2012-02-01 08:22:31,363 1180435
373513 [main] INFO simulated.MetricsCollector  2012-02-01 08:22:31,363 1194889
373513 [main] INFO simulated.MetricsCollector  2012-02-01 08:22:31,363 1396189
373513 [main] INFO simulated.MetricsCollector  2012-02-01 08:22:31,363 1182854
373513 [main] INFO simulated.MetricsCollector  2012-02-01 08:22:31,363 1180903
373513 [main] INFO simulated.MetricsCollector  2012-02-01 08:22:31,363 1164579
373513 [main] INFO simulated.MetricsCollector  2012-02-01 08:22:31,363 1213757
373513 [main] INFO simulated.MetricsCollector  2012-02-01 08:22:31,363 1283417
373513 [main] INFO simulated.MetricsCollector  2012-02-01 08:22:31,363 1277601
373513 [main] INFO simulated.MetricsCollector  2012-02-01 08:22:31,363 1395069
373513 [main] INFO simulated.MetricsCollector  2012-02-01 08:22:31,363 1154696
373513 [main] INFO simulated.MetricsCollector  2012-02-01 08:22:31,363 1170876
373513 [main] INFO simulated.MetricsCollector  2012-02-01 08:22:31,363 1150222
373513 [main] INFO simulated.MetricsCollector  2012-02-01 08:22:31,363 1158396
373513 [main] INFO simulated.MetricsCollector  2012-02-01 08:22:31,363 10348
373513 [main] INFO simulated.MetricsCollector  2012-02-01 08:22:31,363 7906
373513 [main] INFO simulated.MetricsCollector  2012-02-01 08:22:31,363 898
373513 [main] INFO simulated.MetricsCollector  2012-02-01 08:22:31,363 1853
373513 [main] INFO simulated.MetricsCollector  2012-02-01 08:22:31,363 791
373513 [main] INFO simulated.MetricsCollector  2012-02-01 08:22:31,363 18947
373513 [main] INFO simulated.MetricsCollector  2012-02-01 08:22:31,363 688
373513 [main] INFO simulated.MetricsCollector  2012-02-01 08:22:31,363 867
373513 [main] INFO simulated.MetricsCollector  2012-02-01 08:22:31,363 535
373513 [main] INFO simulated.MetricsCollector  2012-02-01 08:22:31,363 2200
373513 [main] INFO simulated.MetricsCollector  2012-02-01 08:22:31,363 734
373514 [main] INFO simulated.MetricsCollector  2012-02-01 08:22:31,364 1816
373514 [main] INFO simulated.MetricsCollector  2012-02-01 08:22:31,364 1534
373514 [main] INFO simulated.MetricsCollector  2012-02-01 08:22:31,364 848
373514 [main] INFO simulated.MetricsCollector  2012-02-01 08:22:31,364 625
373514 [main] INFO simulated.MetricsCollector  2012-02-01 08:22:31,364 637
373514 [main] INFO simulated.MetricsCollector  2012-02-01 08:22:31,364 765
373514 [main] INFO simulated.MetricsCollector  2012-02-01 08:22:31,364 1348
373514 [main] INFO simulated.MetricsCollector  2012-02-01 08:22:31,364 1249
373514 [main] INFO simulated.MetricsCollector  2012-02-01 08:22:31,364 1383
373514 [main] INFO simulated.MetricsCollector  2012-02-01 08:22:31,364 14015
373514 [main] INFO simulated.MetricsCollector  2012-02-01 08:22:31,364 872
373514 [main] INFO simulated.MetricsCollector  2012-02-01 08:22:31,364 501
373514 [main] INFO simulated.MetricsCollector  2012-02-01 08:22:31,364 484
373514 [main] INFO simulated.MetricsCollector  2012-02-01 08:22:31,364 3906
373514 [main] INFO simulated.MetricsCollector  2012-02-01 08:22:31,364 6807
373514 [main] INFO simulated.MetricsCollector  2012-02-01 08:22:31,364 704
373514 [main] INFO simulated.MetricsCollector  2012-02-01 08:22:31,364 4802
373514 [main] INFO simulated.MetricsCollector  2012-02-01 08:22:31,364 5076
373514 [main] INFO simulated.MetricsCollector  2012-02-01 08:22:31,364 5260
373514 [main] INFO simulated.MetricsCollector  2012-02-01 08:22:31,364 9068
373514 [main] INFO simulated.MetricsCollector  2012-02-01 08:22:31,364 6361
373514 [main] INFO simulated.MetricsCollector  2012-02-01 08:22:31,364 3626
373514 [main] INFO simulated.MetricsCollector  2012-02-01 08:22:31,364 1313
373514 [main] INFO simulated.MetricsCollector  2012-02-01 08:22:31,364 342637
373514 [main] INFO simulated.MetricsCollector  2012-02-01 08:22:31,364 346303
373514 [main] INFO simulated.MetricsCollector  2012-02-01 08:22:31,364 352375
373514 [main] INFO simulated.MetricsCollector  2012-02-01 08:22:31,364 3395
373515 [main] INFO simulated.MetricsCollector  2012-02-01 08:22:31,365 12684627
373515 [main] INFO simulated.MetricsCollector  2012-02-01 08:22:31,365 126444
373515 [main] INFO simulated.MetricsCollector  2012-02-01 08:22:31,365 125001
373515 [main] INFO simulated.MetricsCollector  2012-02-01 08:22:31,365 126218
373515 [main] INFO simulated.MetricsCollector  2012-02-01 08:22:31,365 1030
373515 [main] INFO simulated.MetricsCollector  2012-02-01 08:22:31,365 1828
373515 [main] INFO simulated.MetricsCollector  2012-02-01 08:22:31,365 2398
373515 [main] INFO simulated.MetricsCollector  2012-02-01 08:22:31,365 716
373515 [main] INFO simulated.MetricsCollector  2012-02-01 08:22:31,365 214402
373515 [main] INFO simulated.MetricsCollector  2012-02-01 08:22:31,365 220404
373515 [main] INFO simulated.MetricsCollector  2012-02-01 08:22:31,365 1851
373515 [main] INFO simulated.MetricsCollector  2012-02-01 08:22:31,365 1998
373515 [main] INFO simulated.MetricsCollector  2012-02-01 08:22:31,365 667
373515 [main] INFO simulated.MetricsCollector  2012-02-01 08:22:31,365 624
373515 [main] INFO simulated.MetricsCollector  2012-02-01 08:22:31,365 2515
373515 [main] INFO simulated.MetricsCollector  2012-02-01 08:22:31,365 2710
373515 [main] INFO simulated.MetricsCollector  2012-02-01 08:22:31,365 4908
373515 [main] INFO simulated.MetricsCollector  2012-02-01 08:22:31,365 4931
373515 [main] INFO simulated.MetricsCollector  2012-02-01 08:22:31,365 1517
373515 [main] INFO simulated.MetricsCollector  2012-02-01 08:22:31,365 1821
373515 [main] INFO simulated.MetricsCollector  2012-02-01 08:22:31,365 1349
373515 [main] INFO simulated.MetricsCollector  2012-02-01 08:22:31,365 1340
373515 [main] INFO simulated.MetricsCollector  2012-02-01 08:22:31,365 2496
373515 [main] INFO simulated.MetricsCollector  2012-02-01 08:22:31,365 2369
373515 [main] INFO simulated.MetricsCollector  2012-02-01 08:22:31,365 632
373515 [main] INFO simulated.MetricsCollector  2012-02-01 08:22:31,365 2503
373515 [main] INFO simulated.MetricsCollector  2012-02-01 08:22:31,365 1343
373515 [main] INFO simulated.MetricsCollector  2012-02-01 08:22:31,365 579
373515 [main] INFO simulated.MetricsCollector  2012-02-01 08:22:31,365 607
373516 [main] INFO simulated.MetricsCollector  2012-02-01 08:22:31,366 4474
373516 [main] INFO simulated.MetricsCollector  2012-02-01 08:22:31,366 4121
373516 [main] INFO simulated.MetricsCollector  2012-02-01 08:22:31,366 684
373516 [main] INFO simulated.MetricsCollector  2012-02-01 08:22:31,366 1803
373516 [main] INFO simulated.MetricsCollector  2012-02-01 08:22:31,366 692
373516 [main] INFO simulated.MetricsCollector  2012-02-01 08:22:31,366 1286
373516 [main] INFO simulated.MetricsCollector  2012-02-01 08:22:31,366 526
373516 [main] INFO simulated.MetricsCollector  2012-02-01 08:22:31,366 5386
373516 [main] INFO simulated.MetricsCollector  2012-02-01 08:22:31,366 1371
373516 [main] INFO simulated.MetricsCollector  2012-02-01 08:22:31,366 166401
373516 [main] INFO simulated.MetricsCollector  2012-02-01 08:22:31,366 167966
373516 [main] INFO simulated.MetricsCollector  2012-02-01 08:22:31,366 164919
373516 [main] INFO simulated.MetricsCollector  2012-02-01 08:22:31,366 198878
373516 [main] INFO simulated.MetricsCollector  2012-02-01 08:22:31,366 168245
373516 [main] INFO simulated.MetricsCollector  2012-02-01 08:22:31,366 169245
373516 [main] INFO simulated.MetricsCollector  2012-02-01 08:22:31,366 166548
373516 [main] INFO simulated.MetricsCollector  2012-02-01 08:22:31,366 162780
373516 [main] INFO simulated.MetricsCollector  2012-02-01 08:22:31,366 166180
373516 [main] INFO simulated.MetricsCollector  2012-02-01 08:22:31,366 168054
373516 [main] INFO simulated.MetricsCollector  2012-02-01 08:22:31,366 164415
373516 [main] INFO simulated.MetricsCollector  2012-02-01 08:22:31,366 166721
373516 [main] INFO simulated.MetricsCollector  2012-02-01 08:22:31,366 165823
373516 [main] INFO simulated.MetricsCollector  2012-02-01 08:22:31,366 166044
373516 [main] INFO simulated.MetricsCollector  2012-02-01 08:22:31,366 165868
373516 [main] INFO simulated.MetricsCollector  2012-02-01 08:22:31,366 164878
373516 [main] INFO simulated.MetricsCollector  2012-02-01 08:22:31,366 2215
373516 [main] INFO simulated.MetricsCollector  2012-02-01 08:22:31,366 2338
373516 [main] INFO simulated.MetricsCollector  2012-02-01 08:22:31,366 1555
373517 [main] INFO simulated.MetricsCollector  2012-02-01 08:22:31,367 651
373517 [main] INFO simulated.MetricsCollector  2012-02-01 08:22:31,367 509
373517 [main] INFO simulated.MetricsCollector  2012-02-01 08:22:31,367 499
373517 [main] INFO simulated.MetricsCollector  2012-02-01 08:22:31,367 777
373517 [main] INFO simulated.MetricsCollector  2012-02-01 08:22:31,367 1775
373517 [main] INFO simulated.MetricsCollector  2012-02-01 08:22:31,367 616
373517 [main] INFO simulated.MetricsCollector  2012-02-01 08:22:31,367 1239
373517 [main] INFO simulated.MetricsCollector  2012-02-01 08:22:31,367 34396
373517 [main] INFO simulated.MetricsCollector  2012-02-01 08:22:31,367 33507
373517 [main] INFO simulated.MetricsCollector  2012-02-01 08:22:31,367 33867
373517 [main] INFO simulated.MetricsCollector  2012-02-01 08:22:31,367 33213
373517 [main] INFO simulated.MetricsCollector  2012-02-01 08:22:31,367 1620
373517 [main] INFO simulated.MetricsCollector  2012-02-01 08:22:31,367 664
373517 [main] INFO simulated.MetricsCollector  2012-02-01 08:22:31,367 748
373517 [main] INFO simulated.MetricsCollector  2012-02-01 08:22:31,367 4128
373517 [main] INFO simulated.MetricsCollector  2012-02-01 08:22:31,367 1679
373517 [main] INFO simulated.MetricsCollector  2012-02-01 08:22:31,367 2077
373517 [main] INFO simulated.MetricsCollector  2012-02-01 08:22:31,367 906
373517 [main] INFO simulated.MetricsCollector  2012-02-01 08:22:31,367 4782
373517 [main] INFO simulated.MetricsCollector  2012-02-01 08:22:31,367 702
373517 [main] INFO simulated.MetricsCollector  2012-02-01 08:22:31,367 1169
373517 [main] INFO simulated.MetricsCollector  2012-02-01 08:22:31,367 3995
373517 [main] INFO simulated.MetricsCollector  2012-02-01 08:22:31,367 1727
373517 [main] INFO simulated.MetricsCollector  2012-02-01 08:22:31,367 4496
373517 [main] INFO simulated.MetricsCollector  2012-02-01 08:22:31,367 4726
373517 [main] INFO simulated.MetricsCollector  2012-02-01 08:22:31,367 4629
373517 [main] INFO simulated.MetricsCollector  2012-02-01 08:22:31,367 4720
373517 [main] INFO simulated.MetricsCollector  2012-02-01 08:22:31,367 4525
373518 [main] INFO simulated.MetricsCollector  2012-02-01 08:22:31,368 4610
373518 [main] INFO simulated.MetricsCollector  2012-02-01 08:22:31,368 684
373518 [main] INFO simulated.MetricsCollector  2012-02-01 08:22:31,368 5224
373518 [main] INFO simulated.MetricsCollector  2012-02-01 08:22:31,368 4714
373518 [main] INFO simulated.MetricsCollector  2012-02-01 08:22:31,368 5741
373518 [main] INFO simulated.MetricsCollector  2012-02-01 08:22:31,368 1162
373518 [main] INFO simulated.MetricsCollector  2012-02-01 08:22:31,368 1220
373518 [main] INFO simulated.MetricsCollector  2012-02-01 08:22:31,368 1172
373518 [main] INFO simulated.MetricsCollector  2012-02-01 08:22:31,368 1259
373518 [main] INFO simulated.MetricsCollector  2012-02-01 08:22:31,368 3186
373518 [main] INFO simulated.MetricsCollector  2012-02-01 08:22:31,368 1312
373518 [main] INFO simulated.MetricsCollector  2012-02-01 08:22:31,368 1357
373518 [main] INFO simulated.MetricsCollector  2012-02-01 08:22:31,368 1309
373518 [main] INFO simulated.MetricsCollector  2012-02-01 08:22:31,368 1329
373518 [main] INFO simulated.MetricsCollector  2012-02-01 08:22:31,368 1310
373518 [main] INFO simulated.MetricsCollector  2012-02-01 08:22:31,368 1333
373518 [main] INFO simulated.MetricsCollector  2012-02-01 08:22:31,368 57775
373518 [main] INFO simulated.MetricsCollector  2012-02-01 08:22:31,368 918
373518 [main] INFO simulated.MetricsCollector  2012-02-01 08:22:31,368 2055
373518 [main] INFO simulated.MetricsCollector  2012-02-01 08:22:31,368 747
373518 [main] INFO simulated.MetricsCollector  2012-02-01 08:22:31,368 719
373518 [main] INFO simulated.MetricsCollector  2012-02-01 08:22:31,368 492
373518 [main] INFO simulated.MetricsCollector  2012-02-01 08:22:31,368 692
373518 [main] INFO simulated.MetricsCollector  2012-02-01 08:22:31,368 898
373518 [main] INFO simulated.MetricsCollector  2012-02-01 08:22:31,368 1735
373518 [main] INFO simulated.MetricsCollector  2012-02-01 08:22:31,368 14905
373518 [main] INFO simulated.MetricsCollector  2012-02-01 08:22:31,368 343507
373518 [main] INFO simulated.MetricsCollector  2012-02-01 08:22:31,368 343139
373518 [main] INFO simulated.MetricsCollector  2012-02-01 08:22:31,368 1510
373519 [main] INFO simulated.MetricsCollector  2012-02-01 08:22:31,369 657
373519 [main] INFO simulated.MetricsCollector  2012-02-01 08:22:31,369 720
373519 [main] INFO simulated.MetricsCollector  2012-02-01 08:22:31,369 6297
373519 [main] INFO simulated.MetricsCollector  2012-02-01 08:22:31,369 6118
373519 [main] INFO simulated.MetricsCollector  2012-02-01 08:22:31,369 7009
373519 [main] INFO simulated.MetricsCollector  2012-02-01 08:22:31,369 3267
373519 [main] INFO simulated.MetricsCollector  2012-02-01 08:22:31,369 852
373519 [main] INFO simulated.MetricsCollector  2012-02-01 08:22:31,369 2078
373519 [main] INFO simulated.MetricsCollector  2012-02-01 08:22:31,369 1595
373519 [main] INFO simulated.MetricsCollector  2012-02-01 08:22:31,369 754
373519 [main] INFO simulated.MetricsCollector  2012-02-01 08:22:31,369 591
373519 [main] INFO simulated.MetricsCollector  2012-02-01 08:22:31,369 667
373519 [main] INFO simulated.MetricsCollector  2012-02-01 08:22:31,369 1839
373519 [main] INFO simulated.MetricsCollector  2012-02-01 08:22:31,369 2454
373519 [main] INFO simulated.MetricsCollector  2012-02-01 08:22:31,369 1972
373519 [main] INFO simulated.MetricsCollector  2012-02-01 08:22:31,369 711
373519 [main] INFO simulated.MetricsCollector  2012-02-01 08:22:31,369 1702
373519 [main] INFO simulated.MetricsCollector  2012-02-01 08:22:31,369 490
373519 [main] INFO simulated.MetricsCollector  2012-02-01 08:22:31,369 537
373519 [main] INFO simulated.MetricsCollector  2012-02-01 08:22:31,369 149386
373519 [main] INFO simulated.MetricsCollector  2012-02-01 08:22:31,369 149997
373519 [main] INFO simulated.MetricsCollector  2012-02-01 08:22:31,369 186748
373519 [main] INFO simulated.MetricsCollector  2012-02-01 08:22:31,369 182648
373519 [main] INFO simulated.MetricsCollector  2012-02-01 08:22:31,369 6783
373519 [main] INFO simulated.MetricsCollector  2012-02-01 08:22:31,369 1921
373519 [main] INFO simulated.MetricsCollector  2012-02-01 08:22:31,369 2626
373519 [main] INFO simulated.MetricsCollector  2012-02-01 08:22:31,369 2677
373519 [main] INFO simulated.MetricsCollector  2012-02-01 08:22:31,369 856
373519 [main] INFO simulated.MetricsCollector  2012-02-01 08:22:31,369 1497
373520 [main] INFO simulated.MetricsCollector  2012-02-01 08:22:31,370 567
373520 [main] INFO simulated.MetricsCollector  2012-02-01 08:22:31,370 513
373520 [main] INFO simulated.MetricsCollector  2012-02-01 08:22:31,370 476
373520 [main] INFO simulated.MetricsCollector  2012-02-01 08:22:31,370 508
373520 [main] INFO simulated.MetricsCollector  2012-02-01 08:22:31,370 515
373520 [main] INFO simulated.MetricsCollector  2012-02-01 08:22:31,370 483
373520 [main] INFO simulated.MetricsCollector  2012-02-01 08:22:31,370 721
373520 [main] INFO simulated.MetricsCollector  2012-02-01 08:22:31,370 2098
373520 [main] INFO simulated.MetricsCollector  2012-02-01 08:22:31,370 650
373520 [main] INFO simulated.MetricsCollector  2012-02-01 08:22:31,370 6872
373520 [main] INFO simulated.MetricsCollector  2012-02-01 08:22:31,370 661
373520 [main] INFO simulated.MetricsCollector  2012-02-01 08:22:31,370 1885
373520 [main] INFO simulated.MetricsCollector  2012-02-01 08:22:31,370 679
373520 [main] INFO simulated.MetricsCollector  2012-02-01 08:22:31,370 1379
373520 [main] INFO simulated.MetricsCollector  2012-02-01 08:22:31,370 3383
373520 [main] INFO simulated.MetricsCollector  2012-02-01 08:22:31,370 573
373520 [main] INFO simulated.MetricsCollector  2012-02-01 08:22:31,370 1593
373520 [main] INFO simulated.MetricsCollector  2012-02-01 08:22:31,370 515
373520 [main] INFO simulated.MetricsCollector  2012-02-01 08:22:31,370 7070
373520 [main] INFO simulated.MetricsCollector  2012-02-01 08:22:31,370 927
373520 [main] INFO simulated.MetricsCollector  2012-02-01 08:22:31,370 1192
373520 [main] INFO simulated.MetricsCollector  2012-02-01 08:22:31,370 1110
373520 [main] INFO simulated.MetricsCollector  2012-02-01 08:22:31,370 1245
373520 [main] INFO simulated.MetricsCollector  2012-02-01 08:22:31,370 723
373520 [main] INFO simulated.MetricsCollector  2012-02-01 08:22:31,370 3545
373520 [main] INFO simulated.MetricsCollector  2012-02-01 08:22:31,370 655
373520 [main] INFO simulated.MetricsCollector  2012-02-01 08:22:31,370 627
373520 [main] INFO simulated.MetricsCollector  2012-02-01 08:22:31,370 773
373521 [main] INFO simulated.MetricsCollector  2012-02-01 08:22:31,371 1187
373521 [main] INFO simulated.MetricsCollector  2012-02-01 08:22:31,371 1609
373521 [main] INFO simulated.MetricsCollector  2012-02-01 08:22:31,371 749
373521 [main] INFO simulated.MetricsCollector  2012-02-01 08:22:31,371 1350
373521 [main] INFO simulated.MetricsCollector  2012-02-01 08:22:31,371 1781
373521 [main] INFO simulated.MetricsCollector  2012-02-01 08:22:31,371 791
373521 [main] INFO simulated.MetricsCollector  2012-02-01 08:22:31,371 9117
373521 [main] INFO simulated.MetricsCollector  2012-02-01 08:22:31,371 798
373521 [main] INFO simulated.MetricsCollector  2012-02-01 08:22:31,371 473
373521 [main] INFO simulated.MetricsCollector  2012-02-01 08:22:31,371 1536
373521 [main] INFO simulated.MetricsCollector  2012-02-01 08:22:31,371 515
373521 [main] INFO simulated.MetricsCollector  2012-02-01 08:22:31,371 1156
373521 [main] INFO simulated.MetricsCollector  2012-02-01 08:22:31,371 674
373521 [main] INFO simulated.MetricsCollector  2012-02-01 08:22:31,371 624
373521 [main] INFO simulated.MetricsCollector  2012-02-01 08:22:31,371 1757
373521 [main] INFO simulated.MetricsCollector  2012-02-01 08:22:31,371 1689
373521 [main] INFO simulated.MetricsCollector  2012-02-01 08:22:31,371 1600
373521 [main] INFO simulated.MetricsCollector  2012-02-01 08:22:31,371 645
373521 [main] INFO simulated.MetricsCollector  2012-02-01 08:22:31,371 678
373521 [main] INFO simulated.MetricsCollector  2012-02-01 08:22:31,371 2944
373521 [main] INFO simulated.MetricsCollector  2012-02-01 08:22:31,371 635
373521 [main] INFO simulated.MetricsCollector  2012-02-01 08:22:31,371 711
373521 [main] INFO simulated.MetricsCollector  2012-02-01 08:22:31,371 523
373521 [main] INFO simulated.MetricsCollector  2012-02-01 08:22:31,371 485
373521 [main] INFO simulated.MetricsCollector  2012-02-01 08:22:31,371 1331
373521 [main] INFO simulated.MetricsCollector  2012-02-01 08:22:31,371 2021
373521 [main] INFO simulated.MetricsCollector  2012-02-01 08:22:31,371 486
373521 [main] INFO simulated.MetricsCollector  2012-02-01 08:22:31,371 519
373522 [main] INFO simulated.MetricsCollector  2012-02-01 08:22:31,372 2004
373522 [main] INFO simulated.MetricsCollector  2012-02-01 08:22:31,372 1925
373522 [main] INFO simulated.MetricsCollector  2012-02-01 08:22:31,372 848
373522 [main] INFO simulated.MetricsCollector  2012-02-01 08:22:31,372 1358
373522 [main] INFO simulated.MetricsCollector  2012-02-01 08:22:31,372 646
373522 [main] INFO simulated.MetricsCollector  2012-02-01 08:22:31,372 768
373522 [main] INFO simulated.MetricsCollector  2012-02-01 08:22:31,372 1455
373522 [main] INFO simulated.MetricsCollector  2012-02-01 08:22:31,372 1711
373522 [main] INFO simulated.MetricsCollector  2012-02-01 08:22:31,372 1326
373522 [main] INFO simulated.MetricsCollector  2012-02-01 08:22:31,372 1273
373522 [main] INFO simulated.MetricsCollector  2012-02-01 08:22:31,372 13584
373522 [main] INFO simulated.MetricsCollector  2012-02-01 08:22:31,372 901
373522 [main] INFO simulated.MetricsCollector  2012-02-01 08:22:31,372 2276
373522 [main] INFO simulated.MetricsCollector  2012-02-01 08:22:31,372 2394
373522 [main] INFO simulated.MetricsCollector  2012-02-01 08:22:31,372 1305
373522 [main] INFO simulated.MetricsCollector  2012-02-01 08:22:31,372 79935
373522 [main] INFO simulated.MetricsCollector  2012-02-01 08:22:31,372 81163
373522 [main] INFO simulated.MetricsCollector  2012-02-01 08:22:31,372 81408
373522 [main] INFO simulated.MetricsCollector  2012-02-01 08:22:31,372 80339
373522 [main] INFO simulated.MetricsCollector  2012-02-01 08:22:31,372 2138
373522 [main] INFO simulated.MetricsCollector  2012-02-01 08:22:31,372 2144
373522 [main] INFO simulated.MetricsCollector  2012-02-01 08:22:31,372 1595
373522 [main] INFO simulated.MetricsCollector  2012-02-01 08:22:31,372 761
373522 [main] INFO simulated.MetricsCollector  2012-02-01 08:22:31,372 713
373522 [main] INFO simulated.MetricsCollector  2012-02-01 08:22:31,372 2346
373522 [main] INFO simulated.MetricsCollector  2012-02-01 08:22:31,372 537
373522 [main] INFO simulated.MetricsCollector  2012-02-01 08:22:31,372 2046
373522 [main] INFO simulated.MetricsCollector  2012-02-01 08:22:31,372 6803
373523 [main] INFO simulated.MetricsCollector  2012-02-01 08:22:31,373 6636
373523 [main] INFO simulated.MetricsCollector  2012-02-01 08:22:31,373 6744
373523 [main] INFO simulated.MetricsCollector  2012-02-01 08:22:31,373 6869
373523 [main] INFO simulated.MetricsCollector  2012-02-01 08:22:31,373 1280
373523 [main] INFO simulated.MetricsCollector  2012-02-01 08:22:31,373 1920
373523 [main] INFO simulated.MetricsCollector  2012-02-01 08:22:31,373 404670
373523 [main] INFO simulated.MetricsCollector  2012-02-01 08:22:31,373 403106
373523 [main] INFO simulated.MetricsCollector  2012-02-01 08:22:31,373 406544
373523 [main] INFO simulated.MetricsCollector  2012-02-01 08:22:31,373 402563
373523 [main] INFO simulated.MetricsCollector  2012-02-01 08:22:31,373 406598
373523 [main] INFO simulated.MetricsCollector  2012-02-01 08:22:31,373 406948
373523 [main] INFO simulated.MetricsCollector  2012-02-01 08:22:31,373 1151
373523 [main] INFO simulated.MetricsCollector  2012-02-01 08:22:31,373 1792
373523 [main] INFO simulated.MetricsCollector  2012-02-01 08:22:31,373 655
373523 [main] INFO simulated.MetricsCollector  2012-02-01 08:22:31,373 733
373523 [main] INFO simulated.MetricsCollector  2012-02-01 08:22:31,373 1820
373523 [main] INFO simulated.MetricsCollector  2012-02-01 08:22:31,373 1419
373523 [main] INFO simulated.MetricsCollector  2012-02-01 08:22:31,373 642
373523 [main] INFO simulated.MetricsCollector  2012-02-01 08:22:31,373 1860
373523 [main] INFO simulated.MetricsCollector  2012-02-01 08:22:31,373 1647
373523 [main] INFO simulated.MetricsCollector  2012-02-01 08:22:31,373 653
373523 [main] INFO simulated.MetricsCollector  2012-02-01 08:22:31,373 1546
373523 [main] INFO simulated.MetricsCollector  2012-02-01 08:22:31,373 2975
373523 [main] INFO simulated.MetricsCollector  2012-02-01 08:22:31,373 2612
373523 [main] INFO simulated.MetricsCollector  2012-02-01 08:22:31,373 629
373523 [main] INFO simulated.MetricsCollector  2012-02-01 08:22:31,373 2664
373523 [main] INFO simulated.MetricsCollector  2012-02-01 08:22:31,373 2591
373523 [main] INFO simulated.MetricsCollector  2012-02-01 08:22:31,373 1671
373523 [main] INFO simulated.MetricsCollector  2012-02-01 08:22:31,373 2597
373524 [main] INFO simulated.MetricsCollector  2012-02-01 08:22:31,374 1516
373524 [main] INFO simulated.MetricsCollector  2012-02-01 08:22:31,374 2695
373524 [main] INFO simulated.MetricsCollector  2012-02-01 08:22:31,374 2621
373524 [main] INFO simulated.MetricsCollector  2012-02-01 08:22:31,374 1522
373524 [main] INFO simulated.MetricsCollector  2012-02-01 08:22:31,374 1488
373524 [main] INFO simulated.MetricsCollector  2012-02-01 08:22:31,374 1401
373524 [main] INFO simulated.MetricsCollector  2012-02-01 08:22:31,374 1393
373524 [main] INFO simulated.MetricsCollector  2012-02-01 08:22:31,374 1676
373524 [main] INFO simulated.MetricsCollector  2012-02-01 08:22:31,374 2052
373524 [main] INFO simulated.MetricsCollector  2012-02-01 08:22:31,374 1417
373524 [main] INFO simulated.MetricsCollector  2012-02-01 08:22:31,374 1351
373524 [main] INFO simulated.MetricsCollector  2012-02-01 08:22:31,374 638
373524 [main] INFO simulated.MetricsCollector  2012-02-01 08:22:31,374 624
373524 [main] INFO simulated.MetricsCollector  2012-02-01 08:22:31,374 786
373524 [main] INFO simulated.MetricsCollector  2012-02-01 08:22:31,374 732
373524 [main] INFO simulated.MetricsCollector  2012-02-01 08:22:31,374 1484
373524 [main] INFO simulated.MetricsCollector  2012-02-01 08:22:31,374 1227
373524 [main] INFO simulated.MetricsCollector  2012-02-01 08:22:31,374 3790
373524 [main] INFO simulated.MetricsCollector  2012-02-01 08:22:31,374 1308
373524 [main] INFO simulated.MetricsCollector  2012-02-01 08:22:31,374 1610
373524 [main] INFO simulated.MetricsCollector  2012-02-01 08:22:31,374 1385
373524 [main] INFO simulated.MetricsCollector  2012-02-01 08:22:31,374 1496
373524 [main] INFO simulated.MetricsCollector  2012-02-01 08:22:31,374 1593
373524 [main] INFO simulated.MetricsCollector  2012-02-01 08:22:31,374 1637
373524 [main] INFO simulated.MetricsCollector  2012-02-01 08:22:31,374 475
373524 [main] INFO simulated.MetricsCollector  2012-02-01 08:22:31,374 1449
373524 [main] INFO simulated.MetricsCollector  2012-02-01 08:22:31,374 1066
373525 [main] INFO simulated.MetricsCollector  2012-02-01 08:22:31,375 2204
373525 [main] INFO simulated.MetricsCollector  2012-02-01 08:22:31,375 2006
373525 [main] INFO simulated.MetricsCollector  2012-02-01 08:22:31,375 668
373525 [main] INFO simulated.MetricsCollector  2012-02-01 08:22:31,375 2479
373525 [main] INFO simulated.MetricsCollector  2012-02-01 08:22:31,375 707
373525 [main] INFO simulated.MetricsCollector  2012-02-01 08:22:31,375 6714
373525 [main] INFO simulated.MetricsCollector  2012-02-01 08:22:31,375 7629
373525 [main] INFO simulated.MetricsCollector  2012-02-01 08:22:31,375 6670
373525 [main] INFO simulated.MetricsCollector  2012-02-01 08:22:31,375 6945
373525 [main] INFO simulated.MetricsCollector  2012-02-01 08:22:31,375 6711
373525 [main] INFO simulated.MetricsCollector  2012-02-01 08:22:31,375 7046
373525 [main] INFO simulated.MetricsCollector  2012-02-01 08:22:31,375 6729
373525 [main] INFO simulated.MetricsCollector  2012-02-01 08:22:31,375 6685
373525 [main] INFO simulated.MetricsCollector  2012-02-01 08:22:31,375 6663
373525 [main] INFO simulated.MetricsCollector  2012-02-01 08:22:31,375 6585
373525 [main] INFO simulated.MetricsCollector  2012-02-01 08:22:31,375 6447
373525 [main] INFO simulated.MetricsCollector  2012-02-01 08:22:31,375 6401
373525 [main] INFO simulated.MetricsCollector  2012-02-01 08:22:31,375 6461
373525 [main] INFO simulated.MetricsCollector  2012-02-01 08:22:31,375 6956
373525 [main] INFO simulated.MetricsCollector  2012-02-01 08:22:31,375 6717
373525 [main] INFO simulated.MetricsCollector  2012-02-01 08:22:31,375 6627
373525 [main] INFO simulated.MetricsCollector  2012-02-01 08:22:31,375 6402
373525 [main] INFO simulated.MetricsCollector  2012-02-01 08:22:31,375 6710
373525 [main] INFO simulated.MetricsCollector  2012-02-01 08:22:31,375 6500
373525 [main] INFO simulated.MetricsCollector  2012-02-01 08:22:31,375 6687
373525 [main] INFO simulated.MetricsCollector  2012-02-01 08:22:31,375 6768
373525 [main] INFO simulated.MetricsCollector  2012-02-01 08:22:31,375 6509
373525 [main] INFO simulated.MetricsCollector  2012-02-01 08:22:31,375 6429
373526 [main] INFO simulated.MetricsCollector  2012-02-01 08:22:31,376 6493
373526 [main] INFO simulated.MetricsCollector  2012-02-01 08:22:31,376 6661
373526 [main] INFO simulated.MetricsCollector  2012-02-01 08:22:31,376 7549
373526 [main] INFO simulated.MetricsCollector  2012-02-01 08:22:31,376 6686
373526 [main] INFO simulated.MetricsCollector  2012-02-01 08:22:31,376 6516
373526 [main] INFO simulated.MetricsCollector  2012-02-01 08:22:31,376 6910
373526 [main] INFO simulated.MetricsCollector  2012-02-01 08:22:31,376 6565
373526 [main] INFO simulated.MetricsCollector  2012-02-01 08:22:31,376 6640
373526 [main] INFO simulated.MetricsCollector  2012-02-01 08:22:31,376 7151
373526 [main] INFO simulated.MetricsCollector  2012-02-01 08:22:31,376 7492
373526 [main] INFO simulated.MetricsCollector  2012-02-01 08:22:31,376 7131
373526 [main] INFO simulated.MetricsCollector  2012-02-01 08:22:31,376 6571
373526 [main] INFO simulated.MetricsCollector  2012-02-01 08:22:31,376 6593
373526 [main] INFO simulated.MetricsCollector  2012-02-01 08:22:31,376 6459
373526 [main] INFO simulated.MetricsCollector  2012-02-01 08:22:31,376 6808
373526 [main] INFO simulated.MetricsCollector  2012-02-01 08:22:31,376 6612
373526 [main] INFO simulated.MetricsCollector  2012-02-01 08:22:31,376 6584
373526 [main] INFO simulated.MetricsCollector  2012-02-01 08:22:31,376 6475
373526 [main] INFO simulated.MetricsCollector  2012-02-01 08:22:31,376 6609
373526 [main] INFO simulated.MetricsCollector  2012-02-01 08:22:31,376 6411
373526 [main] INFO simulated.MetricsCollector  2012-02-01 08:22:31,376 6612
373526 [main] INFO simulated.MetricsCollector  2012-02-01 08:22:31,376 6734
373526 [main] INFO simulated.MetricsCollector  2012-02-01 08:22:31,376 6842
373526 [main] INFO simulated.MetricsCollector  2012-02-01 08:22:31,376 6684
373526 [main] INFO simulated.MetricsCollector  2012-02-01 08:22:31,376 6654
373526 [main] INFO simulated.MetricsCollector  2012-02-01 08:22:31,376 890
373526 [main] INFO simulated.MetricsCollector  2012-02-01 08:22:31,376 877
373526 [main] INFO simulated.MetricsCollector  2012-02-01 08:22:31,376 2132
373526 [main] INFO simulated.MetricsCollector  2012-02-01 08:22:31,376 677
373527 [main] INFO simulated.MetricsCollector  2012-02-01 08:22:31,377 576
373527 [main] INFO simulated.MetricsCollector  2012-02-01 08:22:31,377 655
373527 [main] INFO simulated.MetricsCollector  2012-02-01 08:22:31,377 568
373527 [main] INFO simulated.MetricsCollector  2012-02-01 08:22:31,377 1812
373527 [main] INFO simulated.MetricsCollector  2012-02-01 08:22:31,377 8688
373527 [main] INFO simulated.MetricsCollector  2012-02-01 08:22:31,377 804
373527 [main] INFO simulated.MetricsCollector  2012-02-01 08:22:31,377 639
373527 [main] INFO simulated.MetricsCollector  2012-02-01 08:22:31,377 838
373527 [main] INFO simulated.MetricsCollector  2012-02-01 08:22:31,377 704
373527 [main] INFO simulated.MetricsCollector  2012-02-01 08:22:31,377 623
373527 [main] INFO simulated.MetricsCollector  2012-02-01 08:22:31,377 1667
373527 [main] INFO simulated.MetricsCollector  2012-02-01 08:22:31,377 872
373527 [main] INFO simulated.MetricsCollector  2012-02-01 08:22:31,377 2787
373527 [main] INFO simulated.MetricsCollector  2012-02-01 08:22:31,377 714
373527 [main] INFO simulated.MetricsCollector  2012-02-01 08:22:31,377 2082
373527 [main] INFO simulated.MetricsCollector  2012-02-01 08:22:31,377 819
373527 [main] INFO simulated.MetricsCollector  2012-02-01 08:22:31,377 1206
373527 [main] INFO simulated.MetricsCollector  2012-02-01 08:22:31,377 2321
373527 [main] INFO simulated.MetricsCollector  2012-02-01 08:22:31,377 714
373527 [main] INFO simulated.MetricsCollector  2012-02-01 08:22:31,377 1267
373527 [main] INFO simulated.MetricsCollector  2012-02-01 08:22:31,377 1008
373527 [main] INFO simulated.MetricsCollector  2012-02-01 08:22:31,377 1857
373527 [main] INFO simulated.MetricsCollector  2012-02-01 08:22:31,377 5860
373527 [main] INFO simulated.MetricsCollector  2012-02-01 08:22:31,377 417552
373527 [main] INFO simulated.MetricsCollector  2012-02-01 08:22:31,377 3018
373527 [main] INFO simulated.MetricsCollector  2012-02-01 08:22:31,377 768
373527 [main] INFO simulated.MetricsCollector  2012-02-01 08:22:31,377 739
373527 [main] INFO simulated.MetricsCollector  2012-02-01 08:22:31,377 1564
373528 [main] INFO simulated.MetricsCollector  2012-02-01 08:22:31,378 1295
373528 [main] INFO simulated.MetricsCollector  2012-02-01 08:22:31,378 18879
373528 [main] INFO simulated.MetricsCollector  2012-02-01 08:22:31,378 1094
373528 [main] INFO simulated.MetricsCollector  2012-02-01 08:22:31,378 714
373528 [main] INFO simulated.MetricsCollector  2012-02-01 08:22:31,378 2179
373528 [main] INFO simulated.MetricsCollector  2012-02-01 08:22:31,378 9570
373528 [main] INFO simulated.MetricsCollector  2012-02-01 08:22:31,378 9368
373528 [main] INFO simulated.MetricsCollector  2012-02-01 08:22:31,378 1423
373528 [main] INFO simulated.MetricsCollector  2012-02-01 08:22:31,378 2002
373528 [main] INFO simulated.MetricsCollector  2012-02-01 08:22:31,378 2282
373528 [main] INFO simulated.MetricsCollector  2012-02-01 08:22:31,378 1558
373528 [main] INFO simulated.MetricsCollector  2012-02-01 08:22:31,378 1512
373528 [main] INFO simulated.MetricsCollector  2012-02-01 08:22:31,378 695
373528 [main] INFO simulated.MetricsCollector  2012-02-01 08:22:31,378 1940
373528 [main] INFO simulated.MetricsCollector  2012-02-01 08:22:31,378 1929
373528 [main] INFO simulated.MetricsCollector  2012-02-01 08:22:31,378 1868
373528 [main] INFO simulated.MetricsCollector  2012-02-01 08:22:31,378 789
373528 [main] INFO simulated.MetricsCollector  2012-02-01 08:22:31,378 2176
373528 [main] INFO simulated.MetricsCollector  2012-02-01 08:22:31,378 84548
373528 [main] INFO simulated.MetricsCollector  2012-02-01 08:22:31,378 7271
373528 [main] INFO simulated.MetricsCollector  2012-02-01 08:22:31,378 2024
373528 [main] INFO simulated.MetricsCollector  2012-02-01 08:22:31,378 1386
373528 [main] INFO simulated.MetricsCollector  2012-02-01 08:22:31,378 719
373528 [main] INFO simulated.MetricsCollector  2012-02-01 08:22:31,378 574
373528 [main] INFO simulated.MetricsCollector  2012-02-01 08:22:31,378 526
373528 [main] INFO simulated.MetricsCollector  2012-02-01 08:22:31,378 1427
373528 [main] INFO simulated.MetricsCollector  2012-02-01 08:22:31,378 1239
373528 [main] INFO simulated.MetricsCollector  2012-02-01 08:22:31,378 88037
373529 [main] INFO simulated.MetricsCollector  2012-02-01 08:22:31,379 1411
373529 [main] INFO simulated.MetricsCollector  2012-02-01 08:22:31,379 1000
373529 [main] INFO simulated.MetricsCollector  2012-02-01 08:22:31,379 2035
373529 [main] INFO simulated.MetricsCollector  2012-02-01 08:22:31,379 786
373529 [main] INFO simulated.MetricsCollector  2012-02-01 08:22:31,379 479
373529 [main] INFO simulated.MetricsCollector  2012-02-01 08:22:31,379 1462
373529 [main] INFO simulated.MetricsCollector  2012-02-01 08:22:31,379 34415
373529 [main] INFO simulated.MetricsCollector  2012-02-01 08:22:31,379 32531
373529 [main] INFO simulated.MetricsCollector  2012-02-01 08:22:31,379 32605
373529 [main] INFO simulated.MetricsCollector  2012-02-01 08:22:31,379 32817
373529 [main] INFO simulated.MetricsCollector  2012-02-01 08:22:31,379 974
373529 [main] INFO simulated.MetricsCollector  2012-02-01 08:22:31,379 737
373529 [main] INFO simulated.MetricsCollector  2012-02-01 08:22:31,379 654
373529 [main] INFO simulated.MetricsCollector  2012-02-01 08:22:31,379 823
373529 [main] INFO simulated.MetricsCollector  2012-02-01 08:22:31,379 2040
373529 [main] INFO simulated.MetricsCollector  2012-02-01 08:22:31,379 1298
373529 [main] INFO simulated.MetricsCollector  2012-02-01 08:22:31,379 989
373529 [main] INFO simulated.MetricsCollector  2012-02-01 08:22:31,379 208633
373529 [main] INFO simulated.MetricsCollector  2012-02-01 08:22:31,379 200374
373529 [main] INFO simulated.MetricsCollector  2012-02-01 08:22:31,379 1218
373529 [main] INFO simulated.MetricsCollector  2012-02-01 08:22:31,379 2203
373529 [main] INFO simulated.MetricsCollector  2012-02-01 08:22:31,379 618
373529 [main] INFO simulated.MetricsCollector  2012-02-01 08:22:31,379 689
373529 [main] INFO simulated.MetricsCollector  2012-02-01 08:22:31,379 2189
373529 [main] INFO simulated.MetricsCollector  2012-02-01 08:22:31,379 2031
373529 [main] INFO simulated.MetricsCollector  2012-02-01 08:22:31,379 1686
373529 [main] INFO simulated.MetricsCollector  2012-02-01 08:22:31,379 1187
373530 [main] INFO simulated.MetricsCollector  2012-02-01 08:22:31,380 443
373530 [main] INFO simulated.MetricsCollector  2012-02-01 08:22:31,380 527
373530 [main] INFO simulated.MetricsCollector  2012-02-01 08:22:31,380 480
373530 [main] INFO simulated.MetricsCollector  2012-02-01 08:22:31,380 1705
373530 [main] INFO simulated.MetricsCollector  2012-02-01 08:22:31,380 1817
373530 [main] INFO simulated.MetricsCollector  2012-02-01 08:22:31,380 34246
373530 [main] INFO simulated.MetricsCollector  2012-02-01 08:22:31,380 34631
373530 [main] INFO simulated.MetricsCollector  2012-02-01 08:22:31,380 1379
373530 [main] INFO simulated.MetricsCollector  2012-02-01 08:22:31,380 35694
373530 [main] INFO simulated.MetricsCollector  2012-02-01 08:22:31,380 34908
373530 [main] INFO simulated.MetricsCollector  2012-02-01 08:22:31,380 1422
373530 [main] INFO simulated.MetricsCollector  2012-02-01 08:22:31,380 371631
373530 [main] INFO simulated.MetricsCollector  2012-02-01 08:22:31,380 2728
373530 [main] INFO simulated.MetricsCollector  2012-02-01 08:22:31,380 766
373530 [main] INFO simulated.MetricsCollector  2012-02-01 08:22:31,380 790
373530 [main] INFO simulated.MetricsCollector  2012-02-01 08:22:31,380 1550
373530 [main] INFO simulated.MetricsCollector  2012-02-01 08:22:31,380 21126
373530 [main] INFO simulated.MetricsCollector  2012-02-01 08:22:31,380 20862
373530 [main] INFO simulated.MetricsCollector  2012-02-01 08:22:31,380 101666
373530 [main] INFO simulated.MetricsCollector  2012-02-01 08:22:31,380 104545
373530 [main] INFO simulated.MetricsCollector  2012-02-01 08:22:31,380 102306
373530 [main] INFO simulated.MetricsCollector  2012-02-01 08:22:31,380 105080
373530 [main] INFO simulated.MetricsCollector  2012-02-01 08:22:31,380 31499
373530 [main] INFO simulated.MetricsCollector  2012-02-01 08:22:31,380 2308
373530 [main] INFO simulated.MetricsCollector  2012-02-01 08:22:31,380 1999
373530 [main] INFO simulated.MetricsCollector  2012-02-01 08:22:31,380 1815
373530 [main] INFO simulated.MetricsCollector  2012-02-01 08:22:31,380 702
373531 [main] INFO simulated.MetricsCollector  2012-02-01 08:22:31,381 1313
373531 [main] INFO simulated.MetricsCollector  2012-02-01 08:22:31,381 2402
373531 [main] INFO simulated.MetricsCollector  2012-02-01 08:22:31,381 672
373531 [main] INFO simulated.MetricsCollector  2012-02-01 08:22:31,381 1775
373531 [main] INFO simulated.MetricsCollector  2012-02-01 08:22:31,381 43902
373531 [main] INFO simulated.MetricsCollector  2012-02-01 08:22:31,381 1120
373531 [main] INFO simulated.MetricsCollector  2012-02-01 08:22:31,381 8214
373531 [main] INFO simulated.MetricsCollector  2012-02-01 08:22:31,381 1418
373531 [main] INFO simulated.MetricsCollector  2012-02-01 08:22:31,381 1501
373531 [main] INFO simulated.MetricsCollector  2012-02-01 08:22:31,381 1492
373531 [main] INFO simulated.MetricsCollector  2012-02-01 08:22:31,381 1435
373531 [main] INFO simulated.MetricsCollector  2012-02-01 08:22:31,381 1549
373531 [main] INFO simulated.MetricsCollector  2012-02-01 08:22:31,381 1588
373531 [main] INFO simulated.MetricsCollector  2012-02-01 08:22:31,381 1513
373531 [main] INFO simulated.MetricsCollector  2012-02-01 08:22:31,381 1422
373531 [main] INFO simulated.MetricsCollector  2012-02-01 08:22:31,381 1015
373531 [main] INFO simulated.MetricsCollector  2012-02-01 08:22:31,381 69164
373531 [main] INFO simulated.MetricsCollector  2012-02-01 08:22:31,381 72480
373531 [main] INFO simulated.MetricsCollector  2012-02-01 08:22:31,381 70191
373531 [main] INFO simulated.MetricsCollector  2012-02-01 08:22:31,381 68682
373531 [main] INFO simulated.MetricsCollector  2012-02-01 08:22:31,381 69900
373531 [main] INFO simulated.MetricsCollector  2012-02-01 08:22:31,381 1247
373531 [main] INFO simulated.MetricsCollector  2012-02-01 08:22:31,381 1839
373531 [main] INFO simulated.MetricsCollector  2012-02-01 08:22:31,381 1013
373531 [main] INFO simulated.MetricsCollector  2012-02-01 08:22:31,381 2105
373531 [main] INFO simulated.MetricsCollector  2012-02-01 08:22:31,381 2688
373531 [main] INFO simulated.MetricsCollector  2012-02-01 08:22:31,381 1792
373532 [main] INFO simulated.MetricsCollector  2012-02-01 08:22:31,382 733
373532 [main] INFO simulated.MetricsCollector  2012-02-01 08:22:31,382 1876
373532 [main] INFO simulated.MetricsCollector  2012-02-01 08:22:31,382 4062
373532 [main] INFO simulated.MetricsCollector  2012-02-01 08:22:31,382 757
373532 [main] INFO simulated.MetricsCollector  2012-02-01 08:22:31,382 1587
373532 [main] INFO simulated.MetricsCollector  2012-02-01 08:22:31,382 774
373532 [main] INFO simulated.MetricsCollector  2012-02-01 08:22:31,382 773
373532 [main] INFO simulated.MetricsCollector  2012-02-01 08:22:31,382 773
373532 [main] INFO simulated.MetricsCollector  2012-02-01 08:22:31,382 17250
373532 [main] INFO simulated.MetricsCollector  2012-02-01 08:22:31,382 17934
373532 [main] INFO simulated.MetricsCollector  2012-02-01 08:22:31,382 2399
373532 [main] INFO simulated.MetricsCollector  2012-02-01 08:22:31,382 18182
373532 [main] INFO simulated.MetricsCollector  2012-02-01 08:22:31,382 1239
373532 [main] INFO simulated.MetricsCollector  2012-02-01 08:22:31,382 2653
373532 [main] INFO simulated.MetricsCollector  2012-02-01 08:22:31,382 689
373532 [main] INFO simulated.MetricsCollector  2012-02-01 08:22:31,382 750
373532 [main] INFO simulated.MetricsCollector  2012-02-01 08:22:31,382 861
373532 [main] INFO simulated.MetricsCollector  2012-02-01 08:22:31,382 700
373532 [main] INFO simulated.MetricsCollector  2012-02-01 08:22:31,382 1796
373532 [main] INFO simulated.MetricsCollector  2012-02-01 08:22:31,382 811
373532 [main] INFO simulated.MetricsCollector  2012-02-01 08:22:31,382 696
373532 [main] INFO simulated.MetricsCollector  2012-02-01 08:22:31,382 1941
373532 [main] INFO simulated.MetricsCollector  2012-02-01 08:22:31,382 1532
373532 [main] INFO simulated.MetricsCollector  2012-02-01 08:22:31,382 4920
373532 [main] INFO simulated.MetricsCollector  2012-02-01 08:22:31,382 6983
373532 [main] INFO simulated.MetricsCollector  2012-02-01 08:22:31,382 1655
373532 [main] INFO simulated.MetricsCollector  2012-02-01 08:22:31,382 1968
373532 [main] INFO simulated.MetricsCollector  2012-02-01 08:22:31,382 2224
373533 [main] INFO simulated.MetricsCollector  2012-02-01 08:22:31,383 613
373533 [main] INFO simulated.MetricsCollector  2012-02-01 08:22:31,383 1462
373533 [main] INFO simulated.MetricsCollector  2012-02-01 08:22:31,383 1365
373533 [main] INFO simulated.MetricsCollector  2012-02-01 08:22:31,383 2856
373533 [main] INFO simulated.MetricsCollector  2012-02-01 08:22:31,383 736
373533 [main] INFO simulated.MetricsCollector  2012-02-01 08:22:31,383 1868
373533 [main] INFO simulated.MetricsCollector  2012-02-01 08:22:31,383 2336
373533 [main] INFO simulated.MetricsCollector  2012-02-01 08:22:31,383 1655
373533 [main] INFO simulated.MetricsCollector  2012-02-01 08:22:31,383 752
373533 [main] INFO simulated.MetricsCollector  2012-02-01 08:22:31,383 819
373533 [main] INFO simulated.MetricsCollector  2012-02-01 08:22:31,383 800
373533 [main] INFO simulated.MetricsCollector  2012-02-01 08:22:31,383 925
373533 [main] INFO simulated.MetricsCollector  2012-02-01 08:22:31,383 980
373533 [main] INFO simulated.MetricsCollector  2012-02-01 08:22:31,383 2016
373533 [main] INFO simulated.MetricsCollector  2012-02-01 08:22:31,383 752
373533 [main] INFO simulated.MetricsCollector  2012-02-01 08:22:31,383 629
373533 [main] INFO simulated.MetricsCollector  2012-02-01 08:22:31,383 728
373533 [main] INFO simulated.MetricsCollector  2012-02-01 08:22:31,383 697
373533 [main] INFO simulated.MetricsCollector  2012-02-01 08:22:31,383 624
373533 [main] INFO simulated.MetricsCollector  2012-02-01 08:22:31,383 208315
373533 [main] INFO simulated.MetricsCollector  2012-02-01 08:22:31,383 209138
373533 [main] INFO simulated.MetricsCollector  2012-02-01 08:22:31,383 1381
373533 [main] INFO simulated.MetricsCollector  2012-02-01 08:22:31,383 5072
373533 [main] INFO simulated.MetricsCollector  2012-02-01 08:22:31,383 1805
373533 [main] INFO simulated.MetricsCollector  2012-02-01 08:22:31,383 835
373533 [main] INFO simulated.MetricsCollector  2012-02-01 08:22:31,383 19089
373533 [main] INFO simulated.MetricsCollector  2012-02-01 08:22:31,383 1071
373533 [main] INFO simulated.MetricsCollector  2012-02-01 08:22:31,383 2957
373533 [main] INFO simulated.MetricsCollector  2012-02-01 08:22:31,383 630
373534 [main] INFO simulated.MetricsCollector  2012-02-01 08:22:31,384 639
373534 [main] INFO simulated.MetricsCollector  2012-02-01 08:22:31,384 729
373534 [main] INFO simulated.MetricsCollector  2012-02-01 08:22:31,384 1869
373534 [main] INFO simulated.MetricsCollector  2012-02-01 08:22:31,384 43317
373534 [main] INFO simulated.MetricsCollector  2012-02-01 08:22:31,384 43681
373534 [main] INFO simulated.MetricsCollector  2012-02-01 08:22:31,384 1291
373534 [main] INFO simulated.MetricsCollector  2012-02-01 08:22:31,384 2383
373534 [main] INFO simulated.MetricsCollector  2012-02-01 08:22:31,384 982
373534 [main] INFO simulated.MetricsCollector  2012-02-01 08:22:31,384 3094
373534 [main] INFO simulated.MetricsCollector  2012-02-01 08:22:31,384 895
373534 [main] INFO simulated.MetricsCollector  2012-02-01 08:22:31,384 674
373534 [main] INFO simulated.MetricsCollector  2012-02-01 08:22:31,384 672
373534 [main] INFO simulated.MetricsCollector  2012-02-01 08:22:31,384 2856
373534 [main] INFO simulated.MetricsCollector  2012-02-01 08:22:31,384 886
373534 [main] INFO simulated.MetricsCollector  2012-02-01 08:22:31,384 751
373534 [main] INFO simulated.MetricsCollector  2012-02-01 08:22:31,384 7373
373534 [main] INFO simulated.MetricsCollector  2012-02-01 08:22:31,384 970
373534 [main] INFO simulated.MetricsCollector  2012-02-01 08:22:31,384 714
373534 [main] INFO simulated.MetricsCollector  2012-02-01 08:22:31,384 7941
373534 [main] INFO simulated.MetricsCollector  2012-02-01 08:22:31,384 7781
373534 [main] INFO simulated.MetricsCollector  2012-02-01 08:22:31,384 7854
373534 [main] INFO simulated.MetricsCollector  2012-02-01 08:22:31,384 759
373534 [main] INFO simulated.MetricsCollector  2012-02-01 08:22:31,384 615
373534 [main] INFO simulated.MetricsCollector  2012-02-01 08:22:31,384 1026
373534 [main] INFO simulated.MetricsCollector  2012-02-01 08:22:31,384 8417
373534 [main] INFO simulated.MetricsCollector  2012-02-01 08:22:31,384 4810
373534 [main] INFO simulated.MetricsCollector  2012-02-01 08:22:31,384 2484
373534 [main] INFO simulated.MetricsCollector  2012-02-01 08:22:31,384 2065
373534 [main] INFO simulated.MetricsCollector  2012-02-01 08:22:31,384 549
373535 [main] INFO simulated.MetricsCollector  2012-02-01 08:22:31,385 1085
373535 [main] INFO simulated.MetricsCollector  2012-02-01 08:22:31,385 911
373535 [main] INFO simulated.MetricsCollector  2012-02-01 08:22:31,385 2505
373535 [main] INFO simulated.MetricsCollector  2012-02-01 08:22:31,385 674
373535 [main] INFO simulated.MetricsCollector  2012-02-01 08:22:31,385 3781
373535 [main] INFO simulated.MetricsCollector  2012-02-01 08:22:31,385 524
373535 [main] INFO simulated.MetricsCollector  2012-02-01 08:22:31,385 714
373535 [main] INFO simulated.MetricsCollector  2012-02-01 08:22:31,385 755
373535 [main] INFO simulated.MetricsCollector  2012-02-01 08:22:31,385 754
373535 [main] INFO simulated.MetricsCollector  2012-02-01 08:22:31,385 1132
373535 [main] INFO simulated.MetricsCollector  2012-02-01 08:22:31,385 457
373535 [main] INFO simulated.MetricsCollector  2012-02-01 08:22:31,385 665
373535 [main] INFO simulated.MetricsCollector  2012-02-01 08:22:31,385 1596
373535 [main] INFO simulated.MetricsCollector  2012-02-01 08:22:31,385 1541
373535 [main] INFO simulated.MetricsCollector  2012-02-01 08:22:31,385 486
373535 [main] INFO simulated.MetricsCollector  2012-02-01 08:22:31,385 1008
373535 [main] INFO simulated.MetricsCollector  2012-02-01 08:22:31,385 490
373535 [main] INFO simulated.MetricsCollector  2012-02-01 08:22:31,385 630
373535 [main] INFO simulated.MetricsCollector  2012-02-01 08:22:31,385 1564
373535 [main] INFO simulated.MetricsCollector  2012-02-01 08:22:31,385 1027
373535 [main] INFO simulated.MetricsCollector  2012-02-01 08:22:31,385 2462
373535 [main] INFO simulated.MetricsCollector  2012-02-01 08:22:31,385 1512
373535 [main] INFO simulated.MetricsCollector  2012-02-01 08:22:31,385 1505
373535 [main] INFO simulated.MetricsCollector  2012-02-01 08:22:31,385 773
373535 [main] INFO simulated.MetricsCollector  2012-02-01 08:22:31,385 796
373535 [main] INFO simulated.MetricsCollector  2012-02-01 08:22:31,385 752
373535 [main] INFO simulated.MetricsCollector  2012-02-01 08:22:31,385 4539
373535 [main] INFO simulated.MetricsCollector  2012-02-01 08:22:31,385 4338
373536 [main] INFO simulated.MetricsCollector  2012-02-01 08:22:31,386 4413
373536 [main] INFO simulated.MetricsCollector  2012-02-01 08:22:31,386 4382
373536 [main] INFO simulated.MetricsCollector  2012-02-01 08:22:31,386 4294
373536 [main] INFO simulated.MetricsCollector  2012-02-01 08:22:31,386 4378
373536 [main] INFO simulated.MetricsCollector  2012-02-01 08:22:31,386 4437
373536 [main] INFO simulated.MetricsCollector  2012-02-01 08:22:31,386 4325
373536 [main] INFO simulated.MetricsCollector  2012-02-01 08:22:31,386 4653
373536 [main] INFO simulated.MetricsCollector  2012-02-01 08:22:31,386 4597
373536 [main] INFO simulated.MetricsCollector  2012-02-01 08:22:31,386 4514
373536 [main] INFO simulated.MetricsCollector  2012-02-01 08:22:31,386 4417
373536 [main] INFO simulated.MetricsCollector  2012-02-01 08:22:31,386 4418
373536 [main] INFO simulated.MetricsCollector  2012-02-01 08:22:31,386 4386
373536 [main] INFO simulated.MetricsCollector  2012-02-01 08:22:31,386 4394
373536 [main] INFO simulated.MetricsCollector  2012-02-01 08:22:31,386 4771
373536 [main] INFO simulated.MetricsCollector  2012-02-01 08:22:31,386 4472
373536 [main] INFO simulated.MetricsCollector  2012-02-01 08:22:31,386 4706
373536 [main] INFO simulated.MetricsCollector  2012-02-01 08:22:31,386 4445
373536 [main] INFO simulated.MetricsCollector  2012-02-01 08:22:31,386 4538
373536 [main] INFO simulated.MetricsCollector  2012-02-01 08:22:31,386 4726
373536 [main] INFO simulated.MetricsCollector  2012-02-01 08:22:31,386 4188
373536 [main] INFO simulated.MetricsCollector  2012-02-01 08:22:31,386 4810
373536 [main] INFO simulated.MetricsCollector  2012-02-01 08:22:31,386 4324
373536 [main] INFO simulated.MetricsCollector  2012-02-01 08:22:31,386 4325
373536 [main] INFO simulated.MetricsCollector  2012-02-01 08:22:31,386 4388
373536 [main] INFO simulated.MetricsCollector  2012-02-01 08:22:31,386 9493
373536 [main] INFO simulated.MetricsCollector  2012-02-01 08:22:31,386 4398
373536 [main] INFO simulated.MetricsCollector  2012-02-01 08:22:31,386 4546
373536 [main] INFO simulated.MetricsCollector  2012-02-01 08:22:31,386 4398
373536 [main] INFO simulated.MetricsCollector  2012-02-01 08:22:31,386 4300
373537 [main] INFO simulated.MetricsCollector  2012-02-01 08:22:31,387 4673
373537 [main] INFO simulated.MetricsCollector  2012-02-01 08:22:31,387 4284
373537 [main] INFO simulated.MetricsCollector  2012-02-01 08:22:31,387 4495
373537 [main] INFO simulated.MetricsCollector  2012-02-01 08:22:31,387 4578
373537 [main] INFO simulated.MetricsCollector  2012-02-01 08:22:31,387 4381
373537 [main] INFO simulated.MetricsCollector  2012-02-01 08:22:31,387 4522
373537 [main] INFO simulated.MetricsCollector  2012-02-01 08:22:31,387 4491
373537 [main] INFO simulated.MetricsCollector  2012-02-01 08:22:31,387 4349
373537 [main] INFO simulated.MetricsCollector  2012-02-01 08:22:31,387 4371
373537 [main] INFO simulated.MetricsCollector  2012-02-01 08:22:31,387 4615
373537 [main] INFO simulated.MetricsCollector  2012-02-01 08:22:31,387 4336
373537 [main] INFO simulated.MetricsCollector  2012-02-01 08:22:31,387 4458
373537 [main] INFO simulated.MetricsCollector  2012-02-01 08:22:31,387 4249
373537 [main] INFO simulated.MetricsCollector  2012-02-01 08:22:31,387 4402
373537 [main] INFO simulated.MetricsCollector  2012-02-01 08:22:31,387 4834
373537 [main] INFO simulated.MetricsCollector  2012-02-01 08:22:31,387 4440
373537 [main] INFO simulated.MetricsCollector  2012-02-01 08:22:31,387 4616
373537 [main] INFO simulated.MetricsCollector  2012-02-01 08:22:31,387 4398
373537 [main] INFO simulated.MetricsCollector  2012-02-01 08:22:31,387 4945
373537 [main] INFO simulated.MetricsCollector  2012-02-01 08:22:31,387 4353
373537 [main] INFO simulated.MetricsCollector  2012-02-01 08:22:31,387 4664
373537 [main] INFO simulated.MetricsCollector  2012-02-01 08:22:31,387 4310
373537 [main] INFO simulated.MetricsCollector  2012-02-01 08:22:31,387 4489
373537 [main] INFO simulated.MetricsCollector  2012-02-01 08:22:31,387 4497
373537 [main] INFO simulated.MetricsCollector  2012-02-01 08:22:31,387 4409
373537 [main] INFO simulated.MetricsCollector  2012-02-01 08:22:31,387 4445
373537 [main] INFO simulated.MetricsCollector  2012-02-01 08:22:31,387 4685
373537 [main] INFO simulated.MetricsCollector  2012-02-01 08:22:31,387 4866
373538 [main] INFO simulated.MetricsCollector  2012-02-01 08:22:31,388 705
373538 [main] INFO simulated.MetricsCollector  2012-02-01 08:22:31,388 1072
373538 [main] INFO simulated.MetricsCollector  2012-02-01 08:22:31,388 1711
373538 [main] INFO simulated.MetricsCollector  2012-02-01 08:22:31,388 1771
373538 [main] INFO simulated.MetricsCollector  2012-02-01 08:22:31,388 1872
373538 [main] INFO simulated.MetricsCollector  2012-02-01 08:22:31,388 2026
373538 [main] INFO simulated.MetricsCollector  2012-02-01 08:22:31,388 646
373538 [main] INFO simulated.MetricsCollector  2012-02-01 08:22:31,388 15830
373538 [main] INFO simulated.MetricsCollector  2012-02-01 08:22:31,388 16319
373538 [main] INFO simulated.MetricsCollector  2012-02-01 08:22:31,388 21260
373538 [main] INFO simulated.MetricsCollector  2012-02-01 08:22:31,388 58541
373538 [main] INFO simulated.MetricsCollector  2012-02-01 08:22:31,388 16870
373538 [main] INFO simulated.MetricsCollector  2012-02-01 08:22:31,388 16187
373538 [main] INFO simulated.MetricsCollector  2012-02-01 08:22:31,388 16333
373538 [main] INFO simulated.MetricsCollector  2012-02-01 08:22:31,388 15977
373538 [main] INFO simulated.MetricsCollector  2012-02-01 08:22:31,388 15508
373538 [main] INFO simulated.MetricsCollector  2012-02-01 08:22:31,388 16531
373538 [main] INFO simulated.MetricsCollector  2012-02-01 08:22:31,388 718
373538 [main] INFO simulated.MetricsCollector  2012-02-01 08:22:31,388 1095
373538 [main] INFO simulated.MetricsCollector  2012-02-01 08:22:31,388 112864
373538 [main] INFO simulated.MetricsCollector  2012-02-01 08:22:31,388 2015
373538 [main] INFO simulated.MetricsCollector  2012-02-01 08:22:31,388 1002
373538 [main] INFO simulated.MetricsCollector  2012-02-01 08:22:31,388 695
373538 [main] INFO simulated.MetricsCollector  2012-02-01 08:22:31,388 8861
373538 [main] INFO simulated.MetricsCollector  2012-02-01 08:22:31,388 8414
373538 [main] INFO simulated.MetricsCollector  2012-02-01 08:22:31,388 8453
373538 [main] INFO simulated.MetricsCollector  2012-02-01 08:22:31,388 794
373538 [main] INFO simulated.MetricsCollector  2012-02-01 08:22:31,388 12513
373538 [main] INFO simulated.MetricsCollector  2012-02-01 08:22:31,388 800
373539 [main] INFO simulated.MetricsCollector  2012-02-01 08:22:31,389 1494
373539 [main] INFO simulated.MetricsCollector  2012-02-01 08:22:31,389 636
373539 [main] INFO simulated.MetricsCollector  2012-02-01 08:22:31,389 1234
373539 [main] INFO simulated.MetricsCollector  2012-02-01 08:22:31,389 1186
373539 [main] INFO simulated.MetricsCollector  2012-02-01 08:22:31,389 724
373539 [main] INFO simulated.MetricsCollector  2012-02-01 08:22:31,389 568
373539 [main] INFO simulated.MetricsCollector  2012-02-01 08:22:31,389 3772
373539 [main] INFO simulated.MetricsCollector  2012-02-01 08:22:31,389 609
373539 [main] INFO simulated.MetricsCollector  2012-02-01 08:22:31,389 1216
373539 [main] INFO simulated.MetricsCollector  2012-02-01 08:22:31,389 4838
373539 [main] INFO simulated.MetricsCollector  2012-02-01 08:22:31,389 2439
373539 [main] INFO simulated.MetricsCollector  2012-02-01 08:22:31,389 1726
373539 [main] INFO simulated.MetricsCollector  2012-02-01 08:22:31,389 1281
373539 [main] INFO simulated.MetricsCollector  2012-02-01 08:22:31,389 3475
373539 [main] INFO simulated.MetricsCollector  2012-02-01 08:22:31,389 6812
373539 [main] INFO simulated.MetricsCollector  2012-02-01 08:22:31,389 679
373539 [main] INFO simulated.MetricsCollector  2012-02-01 08:22:31,389 624
373539 [main] INFO simulated.MetricsCollector  2012-02-01 08:22:31,389 2114
373539 [main] INFO simulated.MetricsCollector  2012-02-01 08:22:31,389 1820
373539 [main] INFO simulated.MetricsCollector  2012-02-01 08:22:31,389 731
373539 [main] INFO simulated.MetricsCollector  2012-02-01 08:22:31,389 531
373539 [main] INFO simulated.MetricsCollector  2012-02-01 08:22:31,389 416
373539 [main] INFO simulated.MetricsCollector  2012-02-01 08:22:31,389 432
373539 [main] INFO simulated.MetricsCollector  2012-02-01 08:22:31,389 396
373539 [main] INFO simulated.MetricsCollector  2012-02-01 08:22:31,389 416
373539 [main] INFO simulated.MetricsCollector  2012-02-01 08:22:31,389 557
373539 [main] INFO simulated.MetricsCollector  2012-02-01 08:22:31,389 1270
373539 [main] INFO simulated.MetricsCollector  2012-02-01 08:22:31,389 241116
373539 [main] INFO simulated.MetricsCollector  2012-02-01 08:22:31,389 242059
373540 [main] INFO simulated.MetricsCollector  2012-02-01 08:22:31,390 274018
373540 [main] INFO simulated.MetricsCollector  2012-02-01 08:22:31,390 227922
373540 [main] INFO simulated.MetricsCollector  2012-02-01 08:22:31,390 228495
373540 [main] INFO simulated.MetricsCollector  2012-02-01 08:22:31,390 228875
373540 [main] INFO simulated.MetricsCollector  2012-02-01 08:22:31,390 222231
373540 [main] INFO simulated.MetricsCollector  2012-02-01 08:22:31,390 229467
373540 [main] INFO simulated.MetricsCollector  2012-02-01 08:22:31,390 227797
373540 [main] INFO simulated.MetricsCollector  2012-02-01 08:22:31,390 1208
373540 [main] INFO simulated.MetricsCollector  2012-02-01 08:22:31,390 568
373540 [main] INFO simulated.MetricsCollector  2012-02-01 08:22:31,390 4338
373540 [main] INFO simulated.MetricsCollector  2012-02-01 08:22:31,390 6978
373540 [main] INFO simulated.MetricsCollector  2012-02-01 08:22:31,390 1647
373540 [main] INFO simulated.MetricsCollector  2012-02-01 08:22:31,390 1657
373540 [main] INFO simulated.MetricsCollector  2012-02-01 08:22:31,390 235698
373540 [main] INFO simulated.MetricsCollector  2012-02-01 08:22:31,390 1233
373540 [main] INFO simulated.MetricsCollector  2012-02-01 08:22:31,390 1781
373540 [main] INFO simulated.MetricsCollector  2012-02-01 08:22:31,390 1588
373540 [main] INFO simulated.MetricsCollector  2012-02-01 08:22:31,390 571
373540 [main] INFO simulated.MetricsCollector  2012-02-01 08:22:31,390 1982
373540 [main] INFO simulated.MetricsCollector  2012-02-01 08:22:31,390 587
373540 [main] INFO simulated.MetricsCollector  2012-02-01 08:22:31,390 1863
373540 [main] INFO simulated.MetricsCollector  2012-02-01 08:22:31,390 582
373540 [main] INFO simulated.MetricsCollector  2012-02-01 08:22:31,390 2496
373540 [main] INFO simulated.MetricsCollector  2012-02-01 08:22:31,390 2885
373540 [main] INFO simulated.MetricsCollector  2012-02-01 08:22:31,390 10895
373540 [main] INFO simulated.MetricsCollector  2012-02-01 08:22:31,390 1556
373540 [main] INFO simulated.MetricsCollector  2012-02-01 08:22:31,390 6838
373540 [main] INFO simulated.MetricsCollector  2012-02-01 08:22:31,390 1004
373541 [main] INFO simulated.MetricsCollector  2012-02-01 08:22:31,391 734
373541 [main] INFO simulated.MetricsCollector  2012-02-01 08:22:31,391 1931
373541 [main] INFO simulated.MetricsCollector  2012-02-01 08:22:31,391 1502
373541 [main] INFO simulated.MetricsCollector  2012-02-01 08:22:31,391 2617
373541 [main] INFO simulated.MetricsCollector  2012-02-01 08:22:31,391 2308
373541 [main] INFO simulated.MetricsCollector  2012-02-01 08:22:31,391 2307
373541 [main] INFO simulated.MetricsCollector  2012-02-01 08:22:31,391 693
373541 [main] INFO simulated.MetricsCollector  2012-02-01 08:22:31,391 23474
373541 [main] INFO simulated.MetricsCollector  2012-02-01 08:22:31,391 2119
373541 [main] INFO simulated.MetricsCollector  2012-02-01 08:22:31,391 1981
373541 [main] INFO simulated.MetricsCollector  2012-02-01 08:22:31,391 841
373541 [main] INFO simulated.MetricsCollector  2012-02-01 08:22:31,391 657
373541 [main] INFO simulated.MetricsCollector  2012-02-01 08:22:31,391 1488
373541 [main] INFO simulated.MetricsCollector  2012-02-01 08:22:31,391 1532
373541 [main] INFO simulated.MetricsCollector  2012-02-01 08:22:31,391 5663
373541 [main] INFO simulated.MetricsCollector  2012-02-01 08:22:31,391 793
373541 [main] INFO simulated.MetricsCollector  2012-02-01 08:22:31,391 1256
373541 [main] INFO simulated.MetricsCollector  2012-02-01 08:22:31,391 15451
373541 [main] INFO simulated.MetricsCollector  2012-02-01 08:22:31,391 2096
373541 [main] INFO simulated.MetricsCollector  2012-02-01 08:22:31,391 669
373541 [main] INFO simulated.MetricsCollector  2012-02-01 08:22:31,391 1770
373541 [main] INFO simulated.MetricsCollector  2012-02-01 08:22:31,391 561
373541 [main] INFO simulated.MetricsCollector  2012-02-01 08:22:31,391 1529
373541 [main] INFO simulated.MetricsCollector  2012-02-01 08:22:31,391 33550
373541 [main] INFO simulated.MetricsCollector  2012-02-01 08:22:31,391 1692
373541 [main] INFO simulated.MetricsCollector  2012-02-01 08:22:31,391 2946
373541 [main] INFO simulated.MetricsCollector  2012-02-01 08:22:31,391 8111
373541 [main] INFO simulated.MetricsCollector  2012-02-01 08:22:31,391 1040
373542 [main] INFO simulated.MetricsCollector  2012-02-01 08:22:31,392 590
373542 [main] INFO simulated.MetricsCollector  2012-02-01 08:22:31,392 1462
373542 [main] INFO simulated.MetricsCollector  2012-02-01 08:22:31,392 993
373542 [main] INFO simulated.MetricsCollector  2012-02-01 08:22:31,392 713
373542 [main] INFO simulated.MetricsCollector  2012-02-01 08:22:31,392 595
373542 [main] INFO simulated.MetricsCollector  2012-02-01 08:22:31,392 711
373542 [main] INFO simulated.MetricsCollector  2012-02-01 08:22:31,392 605
373542 [main] INFO simulated.MetricsCollector  2012-02-01 08:22:31,392 1507
373542 [main] INFO simulated.MetricsCollector  2012-02-01 08:22:31,392 1495
373542 [main] INFO simulated.MetricsCollector  2012-02-01 08:22:31,392 1366
373542 [main] INFO simulated.MetricsCollector  2012-02-01 08:22:31,392 1542
373542 [main] INFO simulated.MetricsCollector  2012-02-01 08:22:31,392 0
373542 [main] INFO simulated.MetricsCollector  2012-02-01 08:22:31,392 0
373542 [main] INFO simulated.MetricsCollector  2012-02-01 08:22:31,392 0
373542 [main] INFO simulated.MetricsCollector  2012-02-01 08:22:31,392 0
373542 [main] INFO simulated.MetricsCollector  2012-02-01 08:22:31,392 0
373542 [main] INFO simulated.MetricsCollector  2012-02-01 08:22:31,392 0
373542 [main] INFO simulated.MetricsCollector  2012-02-01 08:22:31,392 0
373542 [main] INFO simulated.MetricsCollector  2012-02-01 08:22:31,392 0
373542 [main] INFO simulated.MetricsCollector  2012-02-01 08:22:31,392 0
373542 [main] INFO simulated.MetricsCollector  2012-02-01 08:22:31,392 0
373542 [main] INFO simulated.MetricsCollector  2012-02-01 08:22:31,392 0
373542 [main] INFO simulated.MetricsCollector  2012-02-01 08:22:31,392 0
373542 [main] INFO simulated.MetricsCollector  2012-02-01 08:22:31,392 0
373542 [main] INFO simulated.MetricsCollector  2012-02-01 08:22:31,392 0
373542 [main] INFO simulated.MetricsCollector  2012-02-01 08:22:31,392 0
373542 [main] INFO simulated.MetricsCollector  2012-02-01 08:22:31,392 0
373542 [main] INFO simulated.MetricsCollector  2012-02-01 08:22:31,392 0
373542 [main] INFO simulated.MetricsCollector  2012-02-01 08:22:31,392 0
373542 [main] INFO simulated.MetricsCollector  2012-02-01 08:22:31,392 0
373543 [main] INFO simulated.MetricsCollector  2012-02-01 08:22:31,393 0
373543 [main] INFO simulated.MetricsCollector  2012-02-01 08:22:31,393 0
373543 [main] INFO simulated.MetricsCollector  2012-02-01 08:22:31,393 0
373543 [main] INFO simulated.MetricsCollector  2012-02-01 08:22:31,393 0
373543 [main] INFO simulated.MetricsCollector  2012-02-01 08:22:31,393 0
373543 [main] INFO simulated.MetricsCollector  2012-02-01 08:22:31,393 0
373543 [main] INFO simulated.MetricsCollector  2012-02-01 08:22:31,393 0
373543 [main] INFO simulated.MetricsCollector  2012-02-01 08:22:31,393 0
373543 [main] INFO simulated.MetricsCollector  2012-02-01 08:22:31,393 0
373543 [main] INFO simulated.MetricsCollector  2012-02-01 08:22:31,393 0
373543 [main] INFO simulated.MetricsCollector  2012-02-01 08:22:31,393 0
373543 [main] INFO simulated.MetricsCollector  2012-02-01 08:22:31,393 0
373543 [main] INFO simulated.MetricsCollector  2012-02-01 08:22:31,393 0
373543 [main] INFO simulated.MetricsCollector  2012-02-01 08:22:31,393 0
373543 [main] INFO simulated.MetricsCollector  2012-02-01 08:22:31,393 0
373543 [main] INFO simulated.MetricsCollector  2012-02-01 08:22:31,393 0
373543 [main] INFO simulated.MetricsCollector  2012-02-01 08:22:31,393 0
373543 [main] INFO simulated.MetricsCollector  2012-02-01 08:22:31,393 0
373543 [main] INFO simulated.MetricsCollector  2012-02-01 08:22:31,393 0
373543 [main] INFO simulated.MetricsCollector  2012-02-01 08:22:31,393 0
373543 [main] INFO simulated.MetricsCollector  2012-02-01 08:22:31,393 0
373543 [main] INFO simulated.MetricsCollector  2012-02-01 08:22:31,393 0
373543 [main] INFO simulated.MetricsCollector  2012-02-01 08:22:31,393 0
373543 [main] INFO simulated.MetricsCollector  2012-02-01 08:22:31,393 0
373543 [main] INFO simulated.MetricsCollector  2012-02-01 08:22:31,393 0
373543 [main] INFO simulated.MetricsCollector  2012-02-01 08:22:31,393 0
373543 [main] INFO simulated.MetricsCollector  2012-02-01 08:22:31,393 0
373543 [main] INFO simulated.MetricsCollector  2012-02-01 08:22:31,393 0
373543 [main] INFO simulated.MetricsCollector  2012-02-01 08:22:31,393 0
373544 [main] INFO simulated.MetricsCollector  2012-02-01 08:22:31,394 0
373544 [main] INFO simulated.MetricsCollector  2012-02-01 08:22:31,394 0
373544 [main] INFO simulated.MetricsCollector  2012-02-01 08:22:31,394 0
